#
# A fatal error has been detected by the Java Runtime Environment:
#
#  SIGSEGV (0xb) at pc=0x00007fd97fb81701, pid=15835, tid=140572592432896
#
# JRE version: Java(TM) SE Runtime Environment (7.0_80-b15) (build 1.7.0_80-b15)
# Java VM: Java HotSpot(TM) 64-Bit Server VM (24.80-b11 mixed mode linux-amd64 compressed oops)
# Problematic frame:
# C  [libR.so+0x13d701]  R_gc+0xd1
#
# Failed to write core dump. Core dumps have been disabled. To enable core dumping, try "ulimit -c unlimited" before starting Java again
#
# If you would like to submit a bug report, please visit:
#   http://bugreport.java.com/bugreport/crash.jsp
# The crash happened outside the Java Virtual Machine in native code.
# See problematic frame for where to report the bug.
#

---------------  T H R E A D  ---------------

Current thread (0x00007fd99400b000):  JavaThread "main" [_thread_in_native, id=15837, stack(0x00007fd99b5fe000,0x00007fd99b6ff000)]

siginfo:si_signo=SIGSEGV: si_errno=0, si_code=1 (SEGV_MAPERR), si_addr=0x0000000000000018

Registers:
RAX=0x0000000000000160, RBX=0x0000000000000028, RCX=0x00007fd99431f358, RDX=0x00007fd97ff21ec0
RSP=0x00007fd99b6fd600, RBP=0x0000000000000030, RSI=0x0000000000000000, RDI=0x0000000000000003
R8 =0x0000000000000000, R9 =0x00007fd97ff22170, R10=0x00007fd97ff22030, R11=0x00007fd994000078
R12=0x0000000000000001, R13=0x00007fd99431f350, R14=0x0000000000000001, R15=0x00007fd97ff22030
RIP=0x00007fd97fb81701, EFLAGS=0x0000000000010206, CSGSFS=0xffff000000000033, ERR=0x0000000000000004
  TRAPNO=0x000000000000000e

Top of Stack: (sp=0x00007fd99b6fd600)
0x00007fd99b6fd600:   000000000000002c 0000000000000000
0x00007fd99b6fd610:   0000000000000001 0000000000000010
0x00007fd99b6fd620:   0000000000000001 00007fd97fb82de1
0x00007fd99b6fd630:   00007fd900000001 00007fd97ff21ec0
0x00007fd99b6fd640:   00007fd99431e5b0 0000000000000028
0x00007fd99b6fd650:   00007fd99aad4de0 00007fd99400b1e8
0x00007fd99b6fd660:   00007fd99b6fd780 00007fd99431e5b0
0x00007fd99b6fd670:   000000077f9d9118 00007fd99b6fd788
0x00007fd99b6fd680:   00007fd99400b000 00007fd98411856b
0x00007fd99b6fd690:   00007fd99400b1e8 000000077f9d9118
0x00007fd99b6fd6a0:   0000000000000001 0000000000000000
0x00007fd99b6fd6b0:   000000077f9d9118 00007fd984117360
0x00007fd99b6fd6c0:   000000077f9d9118 00007fd99b6fd788
0x00007fd99b6fd6d0:   00007fd99b6fd758 000000077f9d9118
0x00007fd99b6fd6e0:   00007fd99b6fd758 00007fd991013792
0x00007fd99b6fd6f0:   000000077f9dc335 00000000000000b6
0x00007fd99b6fd700:   00007fd99400b8f8 0000000000000000
0x00007fd99b6fd710:   00000007d701fd58 00007fd99b6fd708
0x00007fd99b6fd720:   000000077f9d9118 00007fd99b6fd788
0x00007fd99b6fd730:   000000077f9de600 0000000000000000
0x00007fd99b6fd740:   000000077f9d9118 0000000000000000
0x00007fd99b6fd750:   00007fd99b6fd778 00007fd99b6fd7e0
0x00007fd99b6fd760:   00007fd991006175 0000000000000000
0x00007fd99b6fd770:   00007fd99100ecd7 0000000000000001
0x00007fd99b6fd780:   00000007d71c9610 00000007d701fd58
0x00007fd99b6fd790:   0000000000000000 00000007d701fd58
0x00007fd99b6fd7a0:   00007fd99b6fd790 000000077f9dc335
0x00007fd99b6fd7b0:   00007fd99b6fd840 000000077f9de600
0x00007fd99b6fd7c0:   0000000000000000 000000077f9dc418
0x00007fd99b6fd7d0:   00007fd99b6fd778 00007fd99b6fd830
0x00007fd99b6fd7e0:   00007fd99b6fd898 00007fd991006233
0x00007fd99b6fd7f0:   0000000000000000 0000000000000000 

Instructions: (pc=0x00007fd97fb81701)
0x00007fd97fb816e1:   8d 54 02 10 49 8b 49 08 41 83 41 04 01 85 db 4d
0x00007fd97fb816f1:   89 69 08 49 8b 32 49 89 4d 00 49 8d 4d 08 74 4e
0x00007fd97fb81701:   48 8b 56 18 44 89 e7 45 31 c0 8b 05 0f 13 3a 00
0x00007fd97fb81711:   c1 e7 05 0f 1f 40 00 48 89 71 10 41 83 01 01 41 

Register to memory mapping:

RAX=0x0000000000000160 is an unknown value
RBX=0x0000000000000028 is an unknown value
RCX=0x00007fd99431f358 is an unknown value
RDX=0x00007fd97ff21ec0: <offset 0x4ddec0> in /usr/lib/libR.so at 0x00007fd97fa44000
RSP=0x00007fd99b6fd600 is pointing into the stack for thread: 0x00007fd99400b000
RBP=0x0000000000000030 is an unknown value
RSI=0x0000000000000000 is an unknown value
RDI=0x0000000000000003 is an unknown value
R8 =0x0000000000000000 is an unknown value
R9 =0x00007fd97ff22170: <offset 0x4de170> in /usr/lib/libR.so at 0x00007fd97fa44000
R10=0x00007fd97ff22030: <offset 0x4de030> in /usr/lib/libR.so at 0x00007fd97fa44000
R11=0x00007fd994000078 is an unknown value
R12=0x0000000000000001 is an unknown value
R13=0x00007fd99431f350 is an unknown value
R14=0x0000000000000001 is an unknown value
R15=0x00007fd97ff22030: <offset 0x4de030> in /usr/lib/libR.so at 0x00007fd97fa44000


Stack: [0x00007fd99b5fe000,0x00007fd99b6ff000],  sp=0x00007fd99b6fd600,  free space=1021k
Native frames: (J=compiled Java code, j=interpreted, Vv=VM code, C=native code)
C  [libR.so+0x13d701]  R_gc+0xd1

[error occurred during error reporting (printing native stack), id 0xb]

Java frames: (J=compiled Java code, j=interpreted, Vv=VM code)
j  org.rosuda.JRI.Rengine.rniParse(Ljava/lang/String;I)J+0
j  org.rosuda.JRI.Rengine.eval(Ljava/lang/String;Z)Lorg/rosuda/JRI/REXP;+53
j  org.rosuda.JRI.Rengine.eval(Ljava/lang/String;)Lorg/rosuda/JRI/REXP;+3
j  reportestrimestrales.Documento.compilar(Lreportestrimestrales/SesionR;Ljava/lang/String;Ljava/lang/String;)V+40
j  reportestrimestrales.IPC.hacerPortada()V+351
j  reportestrimestrales.ReportesTrimestrales.main([Ljava/lang/String;)V+49
v  ~StubRoutines::call_stub

---------------  P R O C E S S  ---------------

Java Threads: ( => current thread )
  0x00007fd99431e800 JavaThread "Keep-Alive-Timer" daemon [_thread_blocked, id=15857, stack(0x00007fd984012000,0x00007fd984113000)]
  0x00007fd994254800 JavaThread "Service Thread" daemon [_thread_blocked, id=15854, stack(0x00007fd984b47000,0x00007fd984c48000)]
  0x00007fd99424f800 JavaThread "C2 CompilerThread1" daemon [_thread_blocked, id=15853, stack(0x00007fd984c48000,0x00007fd984d49000)]
  0x00007fd99424d800 JavaThread "C2 CompilerThread0" daemon [_thread_blocked, id=15852, stack(0x00007fd984d49000,0x00007fd984e4a000)]
  0x00007fd9941e2800 JavaThread "Signal Dispatcher" daemon [_thread_blocked, id=15851, stack(0x00007fd9859af000,0x00007fd985ab0000)]
  0x00007fd9941c1800 JavaThread "Finalizer" daemon [_thread_blocked, id=15850, stack(0x00007fd986192000,0x00007fd986293000)]
  0x00007fd9941bf800 JavaThread "Reference Handler" daemon [_thread_blocked, id=15849, stack(0x00007fd986293000,0x00007fd986394000)]
=>0x00007fd99400b000 JavaThread "main" [_thread_in_native, id=15837, stack(0x00007fd99b5fe000,0x00007fd99b6ff000)]

Other Threads:
  0x00007fd9941bb000 VMThread [stack: 0x00007fd986394000,0x00007fd986495000] [id=15848]
  0x00007fd99425f800 WatcherThread [stack: 0x00007fd984a46000,0x00007fd984b47000] [id=15855]

VM state:not at safepoint (normal execution)

VM Mutex/Monitor currently owned by a thread: None

Heap
 PSYoungGen      total 37376K, used 5197K [0x00000007d6d00000, 0x00000007d9680000, 0x0000000800000000)
  eden space 32256K, 16% used [0x00000007d6d00000,0x00000007d72135f0,0x00000007d8c80000)
  from space 5120K, 0% used [0x00000007d9180000,0x00000007d9180000,0x00000007d9680000)
  to   space 5120K, 0% used [0x00000007d8c80000,0x00000007d8c80000,0x00000007d9180000)
 ParOldGen       total 83968K, used 0K [0x0000000784800000, 0x0000000789a00000, 0x00000007d6d00000)
  object space 83968K, 0% used [0x0000000784800000,0x0000000784800000,0x0000000789a00000)
 PSPermGen       total 21504K, used 4755K [0x000000077f600000, 0x0000000780b00000, 0x0000000784800000)
  object space 21504K, 22% used [0x000000077f600000,0x000000077faa4e00,0x0000000780b00000)

Card table byte_map: [0x00007fd9982d8000,0x00007fd9986de000] byte_map_base: 0x00007fd9946dd000

Polling page: 0x00007fd99b720000

Code Cache  [0x00007fd991000000, 0x00007fd991270000, 0x00007fd994000000)
 total_blobs=260 nmethods=18 adapters=196 free_code_cache=48711Kb largest_free_block=49863552

Compilation events (10 events):
Event: 0.086 Thread 0x00007fd99424d800 nmethod 14 0x00007fd99106b410 code [0x00007fd99106b560, 0x00007fd99106b6b8]
Event: 0.086 Thread 0x00007fd99424d800   15             sun.text.normalizer.Trie::getCodePointOffset (56 bytes)
Event: 0.087 Thread 0x00007fd99424f800 nmethod 13 0x00007fd99106af10 code [0x00007fd99106b060, 0x00007fd99106b1b8]
Event: 0.087 Thread 0x00007fd99424d800 nmethod 15 0x00007fd99106ab50 code [0x00007fd99106aca0, 0x00007fd99106adc8]
Event: 0.091 Thread 0x00007fd99424f800   16             java.lang.String::length (6 bytes)
Event: 0.092 Thread 0x00007fd99424f800 nmethod 16 0x00007fd99106cb90 code [0x00007fd99106ccc0, 0x00007fd99106cd38]
Event: 0.096 Thread 0x00007fd99424d800   17             sun.nio.cs.UTF_8$Encoder::encode (361 bytes)
Event: 0.098 Thread 0x00007fd99424d800 nmethod 17 0x00007fd99106e990 code [0x00007fd99106eae0, 0x00007fd99106ed38]
Event: 0.109 Thread 0x00007fd99424f800   18             java.util.Properties$LineReader::readLine (452 bytes)
Event: 0.114 Thread 0x00007fd99424f800 nmethod 18 0x00007fd99106fad0 code [0x00007fd99106fc80, 0x00007fd991070218]

GC Heap History (0 events):
No events

Deoptimization events (7 events):
Event: 0.069 Thread 0x00007fd99400b000 Uncommon trap: reason=class_check action=maybe_recompile pc=0x00007fd991069c60 method=java.io.DataInputStream.readChar()C @ 4
Event: 0.069 Thread 0x00007fd99400b000 Uncommon trap: reason=class_check action=maybe_recompile pc=0x00007fd991069c60 method=java.io.DataInputStream.readChar()C @ 4
Event: 0.069 Thread 0x00007fd99400b000 Uncommon trap: reason=class_check action=maybe_recompile pc=0x00007fd991069c60 method=java.io.DataInputStream.readChar()C @ 4
Event: 0.069 Thread 0x00007fd99400b000 Uncommon trap: reason=class_check action=maybe_recompile pc=0x00007fd991069c60 method=java.io.DataInputStream.readChar()C @ 4
Event: 0.086 Thread 0x00007fd99400b000 Uncommon trap: reason=unstable_if action=reinterpret pc=0x00007fd99106b660 method=sun.text.normalizer.Trie.getCodePointOffset(I)I @ 9
Event: 0.087 Thread 0x00007fd99400b000 Uncommon trap: reason=unstable_if action=reinterpret pc=0x00007fd99106b14c method=sun.text.normalizer.Trie.getCodePointOffset(I)I @ 9
Event: 0.087 Thread 0x00007fd99400b000 Uncommon trap: reason=unstable_if action=reinterpret pc=0x00007fd99106ad70 method=sun.text.normalizer.Trie.getCodePointOffset(I)I @ 23

Internal exceptions (10 events):
Event: 0.093 Thread 0x00007fd99400b000 Threw 0x00000007d700bce8 at /HUDSON/workspace/7u-2-build-linux-amd64/jdk7u80/2329/hotspot/src/share/vm/prims/jvm.cpp:1319
Event: 0.093 Thread 0x00007fd99400b000 Threw 0x00000007d700ef60 at /HUDSON/workspace/7u-2-build-linux-amd64/jdk7u80/2329/hotspot/src/share/vm/prims/jvm.cpp:1319
Event: 0.096 Thread 0x00007fd99400b000 Threw 0x00000007d7020338 at /HUDSON/workspace/7u-2-build-linux-amd64/jdk7u80/2329/hotspot/src/share/vm/prims/jvm.cpp:1319
Event: 0.097 Thread 0x00007fd99400b000 Threw 0x00000007d7026b30 at /HUDSON/workspace/7u-2-build-linux-amd64/jdk7u80/2329/hotspot/src/share/vm/prims/jvm.cpp:1319
Event: 0.099 Thread 0x00007fd99400b000 Threw 0x00000007d70fc5d8 at /HUDSON/workspace/7u-2-build-linux-amd64/jdk7u80/2329/hotspot/src/share/vm/prims/jvm.cpp:1319
Event: 0.100 Thread 0x00007fd99400b000 Threw 0x00000007d7100518 at /HUDSON/workspace/7u-2-build-linux-amd64/jdk7u80/2329/hotspot/src/share/vm/prims/jvm.cpp:1319
Event: 0.101 Thread 0x00007fd99400b000 Threw 0x00000007d7104978 at /HUDSON/workspace/7u-2-build-linux-amd64/jdk7u80/2329/hotspot/src/share/vm/prims/jvm.cpp:1319
Event: 0.259 Thread 0x00007fd99400b000 Threw 0x00000007d718dec0 at /HUDSON/workspace/7u-2-build-linux-amd64/jdk7u80/2329/hotspot/src/share/vm/prims/jvm.cpp:1319
Event: 0.260 Thread 0x00007fd99400b000 Threw 0x00000007d71a8218 at /HUDSON/workspace/7u-2-build-linux-amd64/jdk7u80/2329/hotspot/src/share/vm/prims/jvm.cpp:1319
Event: 0.261 Thread 0x00007fd99400b000 Threw 0x00000007d71ae2d8 at /HUDSON/workspace/7u-2-build-linux-amd64/jdk7u80/2329/hotspot/src/share/vm/prims/jvm.cpp:1319

Events (10 events):
Event: 0.261 loading class 0x00007fd994075c30 done
Event: 0.261 loading class 0x00007fd990383070
Event: 0.261 loading class 0x00007fd990383070 done
Event: 1.029 loading class 0x00007fd940079e60
Event: 1.029 loading class 0x00007fd940079e60 done
Event: 1.029 Thread 0x00007fd99431e800 Thread added: 0x00007fd99431e800
Event: 1.029 loading class 0x00007fd940079e30
Event: 1.029 loading class 0x00007fd940079e30 done
Event: 1.029 loading class 0x00007fd940079e90
Event: 1.029 loading class 0x00007fd940079e90 done


Dynamic libraries:
00400000-00401000 r-xp 00000000 08:06 29276                              /usr/local/jdk1.7.0_80/bin/java
00600000-00601000 rw-p 00000000 08:06 29276                              /usr/local/jdk1.7.0_80/bin/java
01ef6000-01f17000 rw-p 00000000 00:00 0                                  [heap]
77f600000-780b00000 rw-p 00000000 00:00 0 
780b00000-784800000 rw-p 00000000 00:00 0 
784800000-789a00000 rw-p 00000000 00:00 0 
789a00000-7d6d00000 rw-p 00000000 00:00 0 
7d6d00000-7d9680000 rw-p 00000000 00:00 0 
7d9680000-800000000 rw-p 00000000 00:00 0 
7fd930000000-7fd930021000 rw-p 00000000 00:00 0 
7fd930021000-7fd934000000 ---p 00000000 00:00 0 
7fd938000000-7fd938021000 rw-p 00000000 00:00 0 
7fd938021000-7fd93c000000 ---p 00000000 00:00 0 
7fd93c000000-7fd93c021000 rw-p 00000000 00:00 0 
7fd93c021000-7fd940000000 ---p 00000000 00:00 0 
7fd940000000-7fd9400ce000 rw-p 00000000 00:00 0 
7fd9400ce000-7fd944000000 ---p 00000000 00:00 0 
7fd944000000-7fd94406f000 rw-p 00000000 00:00 0 
7fd94406f000-7fd948000000 ---p 00000000 00:00 0 
7fd948000000-7fd948021000 rw-p 00000000 00:00 0 
7fd948021000-7fd94c000000 ---p 00000000 00:00 0 
7fd94c000000-7fd94c021000 rw-p 00000000 00:00 0 
7fd94c021000-7fd950000000 ---p 00000000 00:00 0 
7fd950000000-7fd950021000 rw-p 00000000 00:00 0 
7fd950021000-7fd954000000 ---p 00000000 00:00 0 
7fd954000000-7fd954021000 rw-p 00000000 00:00 0 
7fd954021000-7fd958000000 ---p 00000000 00:00 0 
7fd958000000-7fd958021000 rw-p 00000000 00:00 0 
7fd958021000-7fd95c000000 ---p 00000000 00:00 0 
7fd95c000000-7fd95c021000 rw-p 00000000 00:00 0 
7fd95c021000-7fd960000000 ---p 00000000 00:00 0 
7fd960000000-7fd960021000 rw-p 00000000 00:00 0 
7fd960021000-7fd964000000 ---p 00000000 00:00 0 
7fd968000000-7fd968021000 rw-p 00000000 00:00 0 
7fd968021000-7fd96c000000 ---p 00000000 00:00 0 
7fd970000000-7fd970021000 rw-p 00000000 00:00 0 
7fd970021000-7fd974000000 ---p 00000000 00:00 0 
7fd978000000-7fd978021000 rw-p 00000000 00:00 0 
7fd978021000-7fd97c000000 ---p 00000000 00:00 0 
7fd97e25f000-7fd97e276000 r-xp 00000000 08:06 658087                     /lib/x86_64-linux-gnu/libresolv-2.21.so
7fd97e276000-7fd97e476000 ---p 00017000 08:06 658087                     /lib/x86_64-linux-gnu/libresolv-2.21.so
7fd97e476000-7fd97e478000 r--p 00017000 08:06 658087                     /lib/x86_64-linux-gnu/libresolv-2.21.so
7fd97e478000-7fd97e479000 rw-p 00019000 08:06 658087                     /lib/x86_64-linux-gnu/libresolv-2.21.so
7fd97e479000-7fd97e47b000 rw-p 00000000 00:00 0 
7fd97e47b000-7fd97e480000 r-xp 00000000 08:06 658032                     /lib/x86_64-linux-gnu/libnss_dns-2.21.so
7fd97e480000-7fd97e67f000 ---p 00005000 08:06 658032                     /lib/x86_64-linux-gnu/libnss_dns-2.21.so
7fd97e67f000-7fd97e680000 r--p 00004000 08:06 658032                     /lib/x86_64-linux-gnu/libnss_dns-2.21.so
7fd97e680000-7fd97e681000 rw-p 00005000 08:06 658032                     /lib/x86_64-linux-gnu/libnss_dns-2.21.so
7fd97e681000-7fd97e683000 r-xp 00000000 08:06 658040                     /lib/x86_64-linux-gnu/libnss_mdns4_minimal.so.2
7fd97e683000-7fd97e882000 ---p 00002000 08:06 658040                     /lib/x86_64-linux-gnu/libnss_mdns4_minimal.so.2
7fd97e882000-7fd97e883000 r--p 00001000 08:06 658040                     /lib/x86_64-linux-gnu/libnss_mdns4_minimal.so.2
7fd97e883000-7fd97e884000 rw-p 00002000 08:06 658040                     /lib/x86_64-linux-gnu/libnss_mdns4_minimal.so.2
7fd97e884000-7fd97e8a9000 r-xp 00000000 08:06 658105                     /lib/x86_64-linux-gnu/libtinfo.so.5.9
7fd97e8a9000-7fd97eaa8000 ---p 00025000 08:06 658105                     /lib/x86_64-linux-gnu/libtinfo.so.5.9
7fd97eaa8000-7fd97eaac000 r--p 00024000 08:06 658105                     /lib/x86_64-linux-gnu/libtinfo.so.5.9
7fd97eaac000-7fd97eaad000 rw-p 00028000 08:06 658105                     /lib/x86_64-linux-gnu/libtinfo.so.5.9
7fd97eaad000-7fd97eac3000 r-xp 00000000 08:06 923598                     /usr/lib/x86_64-linux-gnu/libgomp.so.1.0.0
7fd97eac3000-7fd97ecc2000 ---p 00016000 08:06 923598                     /usr/lib/x86_64-linux-gnu/libgomp.so.1.0.0
7fd97ecc2000-7fd97ecc3000 r--p 00015000 08:06 923598                     /usr/lib/x86_64-linux-gnu/libgomp.so.1.0.0
7fd97ecc3000-7fd97ecc4000 rw-p 00016000 08:06 923598                     /usr/lib/x86_64-linux-gnu/libgomp.so.1.0.0
7fd97ecc4000-7fd97ecdd000 r-xp 00000000 08:06 658122                     /lib/x86_64-linux-gnu/libz.so.1.2.8
7fd97ecdd000-7fd97eedd000 ---p 00019000 08:06 658122                     /lib/x86_64-linux-gnu/libz.so.1.2.8
7fd97eedd000-7fd97eede000 r--p 00019000 08:06 658122                     /lib/x86_64-linux-gnu/libz.so.1.2.8
7fd97eede000-7fd97eedf000 rw-p 0001a000 08:06 658122                     /lib/x86_64-linux-gnu/libz.so.1.2.8
7fd97eedf000-7fd97eeee000 r-xp 00000000 08:06 657947                     /lib/x86_64-linux-gnu/libbz2.so.1.0.4
7fd97eeee000-7fd97f0ed000 ---p 0000f000 08:06 657947                     /lib/x86_64-linux-gnu/libbz2.so.1.0.4
7fd97f0ed000-7fd97f0ee000 r--p 0000e000 08:06 657947                     /lib/x86_64-linux-gnu/libbz2.so.1.0.4
7fd97f0ee000-7fd97f0ef000 rw-p 0000f000 08:06 657947                     /lib/x86_64-linux-gnu/libbz2.so.1.0.4
7fd97f0ef000-7fd97f110000 r-xp 00000000 08:06 658004                     /lib/x86_64-linux-gnu/liblzma.so.5.0.0
7fd97f110000-7fd97f30f000 ---p 00021000 08:06 658004                     /lib/x86_64-linux-gnu/liblzma.so.5.0.0
7fd97f30f000-7fd97f310000 r--p 00020000 08:06 658004                     /lib/x86_64-linux-gnu/liblzma.so.5.0.0
7fd97f310000-7fd97f311000 rw-p 00021000 08:06 658004                     /lib/x86_64-linux-gnu/liblzma.so.5.0.0
7fd97f311000-7fd97f37d000 r-xp 00000000 08:06 658064                     /lib/x86_64-linux-gnu/libpcre.so.3.13.1
7fd97f37d000-7fd97f57c000 ---p 0006c000 08:06 658064                     /lib/x86_64-linux-gnu/libpcre.so.3.13.1
7fd97f57c000-7fd97f57d000 r--p 0006b000 08:06 658064                     /lib/x86_64-linux-gnu/libpcre.so.3.13.1
7fd97f57d000-7fd97f57e000 rw-p 0006c000 08:06 658064                     /lib/x86_64-linux-gnu/libpcre.so.3.13.1
7fd97f57e000-7fd97f5bb000 r-xp 00000000 08:06 658086                     /lib/x86_64-linux-gnu/libreadline.so.6.3
7fd97f5bb000-7fd97f7bb000 ---p 0003d000 08:06 658086                     /lib/x86_64-linux-gnu/libreadline.so.6.3
7fd97f7bb000-7fd97f7bd000 r--p 0003d000 08:06 658086                     /lib/x86_64-linux-gnu/libreadline.so.6.3
7fd97f7bd000-7fd97f7c3000 rw-p 0003f000 08:06 658086                     /lib/x86_64-linux-gnu/libreadline.so.6.3
7fd97f7c3000-7fd97f7c4000 rw-p 00000000 00:00 0 
7fd97f7c4000-7fd97f843000 r-xp 00000000 08:06 897049                     /usr/lib/libblas/libblas.so.3.0
7fd97f843000-7fd97fa42000 ---p 0007f000 08:06 897049                     /usr/lib/libblas/libblas.so.3.0
7fd97fa42000-7fd97fa43000 r--p 0007e000 08:06 897049                     /usr/lib/libblas/libblas.so.3.0
7fd97fa43000-7fd97fa44000 rw-p 0007f000 08:06 897049                     /usr/lib/libblas/libblas.so.3.0
7fd97fa44000-7fd97fce9000 r-xp 00000000 08:06 904378                     /usr/lib/R/lib/libR.so
7fd97fce9000-7fd97fee9000 ---p 002a5000 08:06 904378                     /usr/lib/R/lib/libR.so
7fd97fee9000-7fd97ff07000 r--p 002a5000 08:06 904378                     /usr/lib/R/lib/libR.so
7fd97ff07000-7fd97ff12000 rw-p 002c3000 08:06 904378                     /usr/lib/R/lib/libR.so
7fd97ff12000-7fd980000000 rw-p 00000000 00:00 0 
7fd980000000-7fd980021000 rw-p 00000000 00:00 0 
7fd980021000-7fd984000000 ---p 00000000 00:00 0 
7fd984012000-7fd984015000 ---p 00000000 00:00 0 
7fd984015000-7fd984113000 rw-p 00000000 00:00 0                          [stack:15857]
7fd984113000-7fd98411c000 r-xp 00000000 08:06 903505                     /usr/lib/R/site-library/rJava/jri/libjri.so
7fd98411c000-7fd98431b000 ---p 00009000 08:06 903505                     /usr/lib/R/site-library/rJava/jri/libjri.so
7fd98431b000-7fd98431c000 r--p 00008000 08:06 903505                     /usr/lib/R/site-library/rJava/jri/libjri.so
7fd98431c000-7fd98431d000 rw-p 00009000 08:06 903505                     /usr/lib/R/site-library/rJava/jri/libjri.so
7fd98431d000-7fd98461e000 rw-p 00000000 00:00 0 
7fd98461e000-7fd984635000 r-xp 00000000 08:06 1198812                    /usr/local/jdk1.7.0_80/jre/lib/amd64/libnet.so
7fd984635000-7fd984834000 ---p 00017000 08:06 1198812                    /usr/local/jdk1.7.0_80/jre/lib/amd64/libnet.so
7fd984834000-7fd984835000 rw-p 00016000 08:06 1198812                    /usr/local/jdk1.7.0_80/jre/lib/amd64/libnet.so
7fd984835000-7fd984845000 r-xp 00000000 08:06 1198811                    /usr/local/jdk1.7.0_80/jre/lib/amd64/libnio.so
7fd984845000-7fd984a45000 ---p 00010000 08:06 1198811                    /usr/local/jdk1.7.0_80/jre/lib/amd64/libnio.so
7fd984a45000-7fd984a46000 rw-p 00010000 08:06 1198811                    /usr/local/jdk1.7.0_80/jre/lib/amd64/libnio.so
7fd984a46000-7fd984a47000 ---p 00000000 00:00 0 
7fd984a47000-7fd984b47000 rw-p 00000000 00:00 0                          [stack:15855]
7fd984b47000-7fd984b4a000 ---p 00000000 00:00 0 
7fd984b4a000-7fd984c48000 rw-p 00000000 00:00 0                          [stack:15854]
7fd984c48000-7fd984c4b000 ---p 00000000 00:00 0 
7fd984c4b000-7fd984d49000 rw-p 00000000 00:00 0                          [stack:15853]
7fd984d49000-7fd984d4c000 ---p 00000000 00:00 0 
7fd984d4c000-7fd984e4a000 rw-p 00000000 00:00 0                          [stack:15852]
7fd984e4a000-7fd984e4f000 r-xp 00000000 08:06 923157                     /usr/lib/x86_64-linux-gnu/libXdmcp.so.6.0.0
7fd984e4f000-7fd98504e000 ---p 00005000 08:06 923157                     /usr/lib/x86_64-linux-gnu/libXdmcp.so.6.0.0
7fd98504e000-7fd98504f000 r--p 00004000 08:06 923157                     /usr/lib/x86_64-linux-gnu/libXdmcp.so.6.0.0
7fd98504f000-7fd985050000 rw-p 00005000 08:06 923157                     /usr/lib/x86_64-linux-gnu/libXdmcp.so.6.0.0
7fd985050000-7fd985052000 r-xp 00000000 08:06 923146                     /usr/lib/x86_64-linux-gnu/libXau.so.6.0.0
7fd985052000-7fd985252000 ---p 00002000 08:06 923146                     /usr/lib/x86_64-linux-gnu/libXau.so.6.0.0
7fd985252000-7fd985253000 r--p 00002000 08:06 923146                     /usr/lib/x86_64-linux-gnu/libXau.so.6.0.0
7fd985253000-7fd985254000 rw-p 00003000 08:06 923146                     /usr/lib/x86_64-linux-gnu/libXau.so.6.0.0
7fd985254000-7fd985271000 r-xp 00000000 08:06 924344                     /usr/lib/x86_64-linux-gnu/libxcb.so.1.1.0
7fd985271000-7fd985471000 ---p 0001d000 08:06 924344                     /usr/lib/x86_64-linux-gnu/libxcb.so.1.1.0
7fd985471000-7fd985472000 r--p 0001d000 08:06 924344                     /usr/lib/x86_64-linux-gnu/libxcb.so.1.1.0
7fd985472000-7fd985473000 rw-p 0001e000 08:06 924344                     /usr/lib/x86_64-linux-gnu/libxcb.so.1.1.0
7fd985473000-7fd9855a6000 r-xp 00000000 08:06 923142                     /usr/lib/x86_64-linux-gnu/libX11.so.6.3.0
7fd9855a6000-7fd9857a6000 ---p 00133000 08:06 923142                     /usr/lib/x86_64-linux-gnu/libX11.so.6.3.0
7fd9857a6000-7fd9857a7000 r--p 00133000 08:06 923142                     /usr/lib/x86_64-linux-gnu/libX11.so.6.3.0
7fd9857a7000-7fd9857ab000 rw-p 00134000 08:06 923142                     /usr/lib/x86_64-linux-gnu/libX11.so.6.3.0
7fd9857ab000-7fd9857ac000 rw-p 00000000 00:00 0 
7fd9857ac000-7fd9857ae000 r-xp 00000000 08:06 915072                     /usr/lib/jayatana/libjayatanaag.so
7fd9857ae000-7fd9859ad000 ---p 00002000 08:06 915072                     /usr/lib/jayatana/libjayatanaag.so
7fd9859ad000-7fd9859ae000 r--p 00001000 08:06 915072                     /usr/lib/jayatana/libjayatanaag.so
7fd9859ae000-7fd9859af000 rw-p 00002000 08:06 915072                     /usr/lib/jayatana/libjayatanaag.so
7fd9859af000-7fd9859b2000 ---p 00000000 00:00 0 
7fd9859b2000-7fd985ab0000 rw-p 00000000 00:00 0                          [stack:15851]
7fd985ab0000-7fd986192000 r--p 00000000 08:06 918577                     /usr/lib/locale/locale-archive
7fd986192000-7fd986195000 ---p 00000000 00:00 0 
7fd986195000-7fd986293000 rw-p 00000000 00:00 0                          [stack:15850]
7fd986293000-7fd986296000 ---p 00000000 00:00 0 
7fd986296000-7fd986394000 rw-p 00000000 00:00 0                          [stack:15849]
7fd986394000-7fd986395000 ---p 00000000 00:00 0 
7fd986395000-7fd98c000000 rw-p 00000000 00:00 0                          [stack:15848]
7fd98c000000-7fd98c021000 rw-p 00000000 00:00 0 
7fd98c021000-7fd990000000 ---p 00000000 00:00 0 
7fd9900ee000-7fd990139000 rw-p 00000000 00:00 0 
7fd990139000-7fd9902f9000 r--s 039fb000 08:06 811294                     /usr/local/jdk1.7.0_80/jre/lib/rt.jar
7fd9902f9000-7fd9907f8000 rw-p 00000000 00:00 0 
7fd9907f8000-7fd9907f9000 ---p 00000000 00:00 0 
7fd9907f9000-7fd9908f9000 rw-p 00000000 00:00 0                          [stack:15847]
7fd9908f9000-7fd9908fa000 ---p 00000000 00:00 0 
7fd9908fa000-7fd9909fa000 rw-p 00000000 00:00 0                          [stack:15846]
7fd9909fa000-7fd9909fb000 ---p 00000000 00:00 0 
7fd9909fb000-7fd990afb000 rw-p 00000000 00:00 0                          [stack:15845]
7fd990afb000-7fd990afc000 ---p 00000000 00:00 0 
7fd990afc000-7fd990bfc000 rw-p 00000000 00:00 0                          [stack:15844]
7fd990bfc000-7fd990bfd000 ---p 00000000 00:00 0 
7fd990bfd000-7fd990cfd000 rw-p 00000000 00:00 0                          [stack:15843]
7fd990cfd000-7fd990cfe000 ---p 00000000 00:00 0 
7fd990cfe000-7fd990dfe000 rw-p 00000000 00:00 0                          [stack:15842]
7fd990dfe000-7fd990dff000 ---p 00000000 00:00 0 
7fd990dff000-7fd990eff000 rw-p 00000000 00:00 0                          [stack:15841]
7fd990eff000-7fd990f00000 ---p 00000000 00:00 0 
7fd990f00000-7fd991000000 rw-p 00000000 00:00 0                          [stack:15840]
7fd991000000-7fd991270000 rwxp 00000000 00:00 0 
7fd991270000-7fd994334000 rw-p 00000000 00:00 0 
7fd994334000-7fd998000000 ---p 00000000 00:00 0 
7fd99801c000-7fd998027000 rw-p 00000000 00:00 0 
7fd998027000-7fd998045000 rw-p 00000000 00:00 0 
7fd998045000-7fd99806e000 rw-p 00000000 00:00 0 
7fd99806e000-7fd9982d8000 rw-p 00000000 00:00 0 
7fd9982d8000-7fd9982e3000 rw-p 00000000 00:00 0 
7fd9982e3000-7fd998301000 rw-p 00000000 00:00 0 
7fd998301000-7fd99832a000 rw-p 00000000 00:00 0 
7fd99832a000-7fd998593000 rw-p 00000000 00:00 0 
7fd998593000-7fd9985a9000 rw-p 00000000 00:00 0 
7fd9985a9000-7fd9986dd000 rw-p 00000000 00:00 0 
7fd9986dd000-7fd9986de000 rw-p 00000000 00:00 0 
7fd9986de000-7fd9986f5000 r-xp 00000000 08:06 1198810                    /usr/local/jdk1.7.0_80/jre/lib/amd64/libzip.so
7fd9986f5000-7fd9988f5000 ---p 00017000 08:06 1198810                    /usr/local/jdk1.7.0_80/jre/lib/amd64/libzip.so
7fd9988f5000-7fd9988f6000 rw-p 00017000 08:06 1198810                    /usr/local/jdk1.7.0_80/jre/lib/amd64/libzip.so
7fd9988f6000-7fd998902000 r-xp 00000000 08:06 658034                     /lib/x86_64-linux-gnu/libnss_files-2.21.so
7fd998902000-7fd998b01000 ---p 0000c000 08:06 658034                     /lib/x86_64-linux-gnu/libnss_files-2.21.so
7fd998b01000-7fd998b02000 r--p 0000b000 08:06 658034                     /lib/x86_64-linux-gnu/libnss_files-2.21.so
7fd998b02000-7fd998b03000 rw-p 0000c000 08:06 658034                     /lib/x86_64-linux-gnu/libnss_files-2.21.so
7fd998b03000-7fd998b0e000 r-xp 00000000 08:06 658044                     /lib/x86_64-linux-gnu/libnss_nis-2.21.so
7fd998b0e000-7fd998d0d000 ---p 0000b000 08:06 658044                     /lib/x86_64-linux-gnu/libnss_nis-2.21.so
7fd998d0d000-7fd998d0e000 r--p 0000a000 08:06 658044                     /lib/x86_64-linux-gnu/libnss_nis-2.21.so
7fd998d0e000-7fd998d0f000 rw-p 0000b000 08:06 658044                     /lib/x86_64-linux-gnu/libnss_nis-2.21.so
7fd998d0f000-7fd998d26000 r-xp 00000000 08:06 658028                     /lib/x86_64-linux-gnu/libnsl-2.21.so
7fd998d26000-7fd998f25000 ---p 00017000 08:06 658028                     /lib/x86_64-linux-gnu/libnsl-2.21.so
7fd998f25000-7fd998f26000 r--p 00016000 08:06 658028                     /lib/x86_64-linux-gnu/libnsl-2.21.so
7fd998f26000-7fd998f27000 rw-p 00017000 08:06 658028                     /lib/x86_64-linux-gnu/libnsl-2.21.so
7fd998f27000-7fd998f29000 rw-p 00000000 00:00 0 
7fd998f29000-7fd998f31000 r-xp 00000000 08:06 658030                     /lib/x86_64-linux-gnu/libnss_compat-2.21.so
7fd998f31000-7fd999130000 ---p 00008000 08:06 658030                     /lib/x86_64-linux-gnu/libnss_compat-2.21.so
7fd999130000-7fd999131000 r--p 00007000 08:06 658030                     /lib/x86_64-linux-gnu/libnss_compat-2.21.so
7fd999131000-7fd999132000 rw-p 00008000 08:06 658030                     /lib/x86_64-linux-gnu/libnss_compat-2.21.so
7fd999132000-7fd99913c000 r-xp 00000000 08:06 1195487                    /usr/local/jdk1.7.0_80/jre/lib/amd64/libinstrument.so
7fd99913c000-7fd99933b000 ---p 0000a000 08:06 1195487                    /usr/local/jdk1.7.0_80/jre/lib/amd64/libinstrument.so
7fd99933b000-7fd99933c000 rw-p 00009000 08:06 1195487                    /usr/local/jdk1.7.0_80/jre/lib/amd64/libinstrument.so
7fd99933c000-7fd999365000 r-xp 00000000 08:06 1198805                    /usr/local/jdk1.7.0_80/jre/lib/amd64/libjava.so
7fd999365000-7fd999565000 ---p 00029000 08:06 1198805                    /usr/local/jdk1.7.0_80/jre/lib/amd64/libjava.so
7fd999565000-7fd999567000 rw-p 00029000 08:06 1198805                    /usr/local/jdk1.7.0_80/jre/lib/amd64/libjava.so
7fd999567000-7fd999574000 r-xp 00000000 08:06 1198790                    /usr/local/jdk1.7.0_80/jre/lib/amd64/libverify.so
7fd999574000-7fd999773000 ---p 0000d000 08:06 1198790                    /usr/local/jdk1.7.0_80/jre/lib/amd64/libverify.so
7fd999773000-7fd999775000 rw-p 0000c000 08:06 1198790                    /usr/local/jdk1.7.0_80/jre/lib/amd64/libverify.so
7fd999775000-7fd99977c000 r-xp 00000000 08:06 658089                     /lib/x86_64-linux-gnu/librt-2.21.so
7fd99977c000-7fd99997b000 ---p 00007000 08:06 658089                     /lib/x86_64-linux-gnu/librt-2.21.so
7fd99997b000-7fd99997c000 r--p 00006000 08:06 658089                     /lib/x86_64-linux-gnu/librt-2.21.so
7fd99997c000-7fd99997d000 rw-p 00007000 08:06 658089                     /lib/x86_64-linux-gnu/librt-2.21.so
7fd99997d000-7fd999a84000 r-xp 00000000 08:06 658007                     /lib/x86_64-linux-gnu/libm-2.21.so
7fd999a84000-7fd999c83000 ---p 00107000 08:06 658007                     /lib/x86_64-linux-gnu/libm-2.21.so
7fd999c83000-7fd999c84000 r--p 00106000 08:06 658007                     /lib/x86_64-linux-gnu/libm-2.21.so
7fd999c84000-7fd999c85000 rw-p 00107000 08:06 658007                     /lib/x86_64-linux-gnu/libm-2.21.so
7fd999c85000-7fd99a7fb000 r-xp 00000000 08:06 29237                      /usr/local/jdk1.7.0_80/jre/lib/amd64/server/libjvm.so
7fd99a7fb000-7fd99a9fa000 ---p 00b76000 08:06 29237                      /usr/local/jdk1.7.0_80/jre/lib/amd64/server/libjvm.so
7fd99a9fa000-7fd99aabe000 rw-p 00b75000 08:06 29237                      /usr/local/jdk1.7.0_80/jre/lib/amd64/server/libjvm.so
7fd99aabe000-7fd99aaff000 rw-p 00000000 00:00 0 
7fd99aaff000-7fd99acbf000 r-xp 00000000 08:06 657948                     /lib/x86_64-linux-gnu/libc-2.21.so
7fd99acbf000-7fd99aebf000 ---p 001c0000 08:06 657948                     /lib/x86_64-linux-gnu/libc-2.21.so
7fd99aebf000-7fd99aec3000 r--p 001c0000 08:06 657948                     /lib/x86_64-linux-gnu/libc-2.21.so
7fd99aec3000-7fd99aec5000 rw-p 001c4000 08:06 657948                     /lib/x86_64-linux-gnu/libc-2.21.so
7fd99aec5000-7fd99aec9000 rw-p 00000000 00:00 0 
7fd99aec9000-7fd99aecc000 r-xp 00000000 08:06 657965                     /lib/x86_64-linux-gnu/libdl-2.21.so
7fd99aecc000-7fd99b0cb000 ---p 00003000 08:06 657965                     /lib/x86_64-linux-gnu/libdl-2.21.so
7fd99b0cb000-7fd99b0cc000 r--p 00002000 08:06 657965                     /lib/x86_64-linux-gnu/libdl-2.21.so
7fd99b0cc000-7fd99b0cd000 rw-p 00003000 08:06 657965                     /lib/x86_64-linux-gnu/libdl-2.21.so
7fd99b0cd000-7fd99b0e2000 r-xp 00000000 08:06 1198816                    /usr/local/jdk1.7.0_80/lib/amd64/jli/libjli.so
7fd99b0e2000-7fd99b2e1000 ---p 00015000 08:06 1198816                    /usr/local/jdk1.7.0_80/lib/amd64/jli/libjli.so
7fd99b2e1000-7fd99b2e2000 rw-p 00014000 08:06 1198816                    /usr/local/jdk1.7.0_80/lib/amd64/jli/libjli.so
7fd99b2e2000-7fd99b2fa000 r-xp 00000000 08:06 658081                     /lib/x86_64-linux-gnu/libpthread-2.21.so
7fd99b2fa000-7fd99b4fa000 ---p 00018000 08:06 658081                     /lib/x86_64-linux-gnu/libpthread-2.21.so
7fd99b4fa000-7fd99b4fb000 r--p 00018000 08:06 658081                     /lib/x86_64-linux-gnu/libpthread-2.21.so
7fd99b4fb000-7fd99b4fc000 rw-p 00019000 08:06 658081                     /lib/x86_64-linux-gnu/libpthread-2.21.so
7fd99b4fc000-7fd99b500000 rw-p 00000000 00:00 0 
7fd99b500000-7fd99b524000 r-xp 00000000 08:06 657920                     /lib/x86_64-linux-gnu/ld-2.21.so
7fd99b533000-7fd99b534000 rw-p 00000000 00:00 0 
7fd99b534000-7fd99b53e000 r--s 00253000 08:06 811248                     /usr/local/jdk1.7.0_80/jre/lib/resources.jar
7fd99b53e000-7fd99b548000 rw-p 00000000 00:00 0 
7fd99b548000-7fd99b5fe000 rw-p 00000000 00:00 0 
7fd99b5fe000-7fd99b601000 ---p 00000000 00:00 0 
7fd99b601000-7fd99b703000 rw-p 00000000 00:00 0                          [stack:15837]
7fd99b703000-7fd99b704000 r--s 00000000 08:06 798457                     /usr/share/java/jayatanaag.jar
7fd99b704000-7fd99b705000 r--s 00007000 08:06 903503                     /usr/lib/R/site-library/rJava/jri/REngine.jar
7fd99b705000-7fd99b706000 r--s 00002000 08:06 903502                     /usr/lib/R/site-library/rJava/jri/JRIEngine.jar
7fd99b706000-7fd99b707000 r--s 00013000 08:06 903495                     /usr/lib/R/site-library/rJava/jri/JRI.jar
7fd99b707000-7fd99b70b000 r--s 0002a000 08:08 4077794                    /home/ine031/NetBeansProjects/reportesTrimestrales/commons-io-2.4-bin/commons-io-2.4/commons-io-2.4.jar
7fd99b70b000-7fd99b711000 r--s 00044000 08:08 3933401                    /home/ine031/NetBeansProjects/reportesTrimestrales/jsoup-1.8.1.jar
7fd99b711000-7fd99b717000 r--s 00080000 08:08 3933400                    /home/ine031/NetBeansProjects/reportesTrimestrales/jsoup-1.8.1-javadoc.jar
7fd99b717000-7fd99b71f000 rw-s 00000000 08:06 8230                       /tmp/hsperfdata_ine031/15835
7fd99b71f000-7fd99b720000 rw-p 00000000 00:00 0 
7fd99b720000-7fd99b721000 r--p 00000000 00:00 0 
7fd99b721000-7fd99b723000 rw-p 00000000 00:00 0 
7fd99b723000-7fd99b724000 r--p 00023000 08:06 657920                     /lib/x86_64-linux-gnu/ld-2.21.so
7fd99b724000-7fd99b725000 rw-p 00024000 08:06 657920                     /lib/x86_64-linux-gnu/ld-2.21.so
7fd99b725000-7fd99b726000 rw-p 00000000 00:00 0 
7fff9f18b000-7fff9f1ac000 rw-p 00000000 00:00 0                          [stack]
7fff9f1c8000-7fff9f1ca000 r--p 00000000 00:00 0                          [vvar]
7fff9f1ca000-7fff9f1cc000 r-xp 00000000 00:00 0                          [vdso]
ffffffffff600000-ffffffffff601000 r-xp 00000000 00:00 0                  [vsyscall]

VM Arguments:
jvm_args: -javaagent:/usr/share/java/jayatanaag.jar -Dfile.encoding=UTF-8 -Djava.library.path=.:/usr/lib/R/site-library/rJava/jri/ 
java_command: reportestrimestrales.ReportesTrimestrales
Launcher Type: SUN_STANDARD

Environment Variables:
JAVA_TOOL_OPTIONS=-javaagent:/usr/share/java/jayatanaag.jar 
PATH=/usr/local/sbin:/usr/local/bin:/usr/sbin:/usr/bin:/sbin:/bin:/usr/games:/usr/local/games
LD_LIBRARY_PATH=/usr/local/jdk1.7.0_80/jre/lib/amd64:/usr/local/jdk1.7.0_80/jre/lib/i386:
SHELL=/bin/bash
DISPLAY=:0

Signal Handlers:
SIGSEGV: [libjvm.so+0x9a3b20], sa_mask[0]=0x7ffbfeff, sa_flags=0x10000004
SIGBUS: [libjvm.so+0x9a3b20], sa_mask[0]=0x7ffbfeff, sa_flags=0x10000004
SIGFPE: [libjvm.so+0x81e740], sa_mask[0]=0x7ffbfeff, sa_flags=0x10000004
SIGPIPE: [libjvm.so+0x81e740], sa_mask[0]=0x7ffbfeff, sa_flags=0x10000004
SIGXFSZ: [libjvm.so+0x81e740], sa_mask[0]=0x7ffbfeff, sa_flags=0x10000004
SIGILL: [libjvm.so+0x81e740], sa_mask[0]=0x7ffbfeff, sa_flags=0x10000004
SIGUSR1: SIG_DFL, sa_mask[0]=0x00000000, sa_flags=0x00000000
SIGUSR2: [libjvm.so+0x81ffb0], sa_mask[0]=0x00000004, sa_flags=0x10000004
SIGHUP: [libjvm.so+0x8210d0], sa_mask[0]=0x7ffbfeff, sa_flags=0x10000004
SIGINT: SIG_IGN, sa_mask[0]=0x00000000, sa_flags=0x00000000
SIGTERM: [libjvm.so+0x8210d0], sa_mask[0]=0x7ffbfeff, sa_flags=0x10000004
SIGQUIT: [libjvm.so+0x8210d0], sa_mask[0]=0x7ffbfeff, sa_flags=0x10000004


---------------  S Y S T E M  ---------------

OS:jessie/sid

uname:Linux 3.19.0-22-generic #22-Ubuntu SMP Tue Jun 16 17:15:15 UTC 2015 x86_64
libc:glibc 2.21 NPTL 2.21 
rlimit: STACK 8192k, CORE 0k, NPROC 31225, NOFILE 65536, AS infinity
load average:0.39 0.35 0.33

/proc/meminfo:
MemTotal:        8090356 kB
MemFree:         1170980 kB
MemAvailable:    3765112 kB
Buffers:          236524 kB
Cached:          3655712 kB
SwapCached:            0 kB
Active:          4384356 kB
Inactive:        2144952 kB
Active(anon):    2903112 kB
Inactive(anon):   997964 kB
Active(file):    1481244 kB
Inactive(file):  1146988 kB
Unevictable:          48 kB
Mlocked:              48 kB
SwapTotal:       1048572 kB
SwapFree:        1048572 kB
Dirty:              3492 kB
Writeback:             0 kB
AnonPages:       2637740 kB
Mapped:           749496 kB
Shmem:           1263464 kB
Slab:             272016 kB
SReclaimable:     219304 kB
SUnreclaim:        52712 kB
KernelStack:       12992 kB
PageTables:        55428 kB
NFS_Unstable:          0 kB
Bounce:                0 kB
WritebackTmp:          0 kB
CommitLimit:     5093748 kB
Committed_AS:    9411096 kB
VmallocTotal:   34359738367 kB
VmallocUsed:      359232 kB
VmallocChunk:   34359261556 kB
HardwareCorrupted:     0 kB
AnonHugePages:   1028096 kB
CmaTotal:              0 kB
CmaFree:               0 kB
HugePages_Total:       0
HugePages_Free:        0
HugePages_Rsvd:        0
HugePages_Surp:        0
Hugepagesize:       2048 kB
DirectMap4k:      113664 kB
DirectMap2M:     8192000 kB


CPU:total 8 (4 cores per cpu, 2 threads per core) family 6 model 58 stepping 9, cmov, cx8, fxsr, mmx, sse, sse2, sse3, ssse3, sse4.1, sse4.2, popcnt, avx, aes, erms, ht, tsc, tscinvbit, tscinv

/proc/cpuinfo:
processor	: 0
vendor_id	: GenuineIntel
cpu family	: 6
model		: 58
model name	: Intel(R) Core(TM) i7-3770 CPU @ 3.40GHz
stepping	: 9
microcode	: 0x19
cpu MHz		: 3805.343
cache size	: 8192 KB
physical id	: 0
siblings	: 8
core id		: 0
cpu cores	: 4
apicid		: 0
initial apicid	: 0
fpu		: yes
fpu_exception	: yes
cpuid level	: 13
wp		: yes
flags		: fpu vme de pse tsc msr pae mce cx8 apic sep mtrr pge mca cmov pat pse36 clflush dts acpi mmx fxsr sse sse2 ss ht tm pbe syscall nx rdtscp lm constant_tsc arch_perfmon pebs bts rep_good nopl xtopology nonstop_tsc aperfmperf eagerfpu pni pclmulqdq dtes64 monitor ds_cpl vmx smx est tm2 ssse3 cx16 xtpr pdcm pcid sse4_1 sse4_2 x2apic popcnt tsc_deadline_timer aes xsave avx f16c rdrand lahf_lm ida arat epb pln pts dtherm tpr_shadow vnmi flexpriority ept vpid fsgsbase smep erms xsaveopt
bugs		:
bogomips	: 6784.24
clflush size	: 64
cache_alignment	: 64
address sizes	: 36 bits physical, 48 bits virtual
power management:

processor	: 1
vendor_id	: GenuineIntel
cpu family	: 6
model		: 58
model name	: Intel(R) Core(TM) i7-3770 CPU @ 3.40GHz
stepping	: 9
microcode	: 0x19
cpu MHz		: 3673.328
cache size	: 8192 KB
physical id	: 0
siblings	: 8
core id		: 1
cpu cores	: 4
apicid		: 2
initial apicid	: 2
fpu		: yes
fpu_exception	: yes
cpuid level	: 13
wp		: yes
flags		: fpu vme de pse tsc msr pae mce cx8 apic sep mtrr pge mca cmov pat pse36 clflush dts acpi mmx fxsr sse sse2 ss ht tm pbe syscall nx rdtscp lm constant_tsc arch_perfmon pebs bts rep_good nopl xtopology nonstop_tsc aperfmperf eagerfpu pni pclmulqdq dtes64 monitor ds_cpl vmx smx est tm2 ssse3 cx16 xtpr pdcm pcid sse4_1 sse4_2 x2apic popcnt tsc_deadline_timer aes xsave avx f16c rdrand lahf_lm ida arat epb pln pts dtherm tpr_shadow vnmi flexpriority ept vpid fsgsbase smep erms xsaveopt
bugs		:
bogomips	: 6784.24
clflush size	: 64
cache_alignment	: 64
address sizes	: 36 bits physical, 48 bits virtual
power management:

processor	: 2
vendor_id	: GenuineIntel
cpu family	: 6
model		: 58
model name	: Intel(R) Core(TM) i7-3770 CPU @ 3.40GHz
stepping	: 9
microcode	: 0x19
cpu MHz		: 3621.398
cache size	: 8192 KB
physical id	: 0
siblings	: 8
core id		: 2
cpu cores	: 4
apicid		: 4
initial apicid	: 4
fpu		: yes
fpu_exception	: yes
cpuid level	: 13
wp		: yes
flags		: fpu vme de pse tsc msr pae mce cx8 apic sep mtrr pge mca cmov pat pse36 clflush dts acpi mmx fxsr sse sse2 ss ht tm pbe syscall nx rdtscp lm constant_tsc arch_perfmon pebs bts rep_good nopl xtopology nonstop_tsc aperfmperf eagerfpu pni pclmulqdq dtes64 monitor ds_cpl vmx smx est tm2 ssse3 cx16 xtpr pdcm pcid sse4_1 sse4_2 x2apic popcnt tsc_deadline_timer aes xsave avx f16c rdrand lahf_lm ida arat epb pln pts dtherm tpr_shadow vnmi flexpriority ept vpid fsgsbase smep erms xsaveopt
bugs		:
bogomips	: 6784.24
clflush size	: 64
cache_alignment	: 64
address sizes	: 36 bits physical, 48 bits virtual
power management:

processor	: 3
vendor_id	: GenuineIntel
cpu family	: 6
model		: 58
model name	: Intel(R) Core(TM) i7-3770 CPU @ 3.40GHz
stepping	: 9
microcode	: 0x19
cpu MHz		: 3799.898
cache size	: 8192 KB
physical id	: 0
siblings	: 8
core id		: 3
cpu cores	: 4
apicid		: 6
initial apicid	: 6
fpu		: yes
fpu_exception	: yes
cpuid level	: 13
wp		: yes
flags		: fpu vme de pse tsc msr pae mce cx8 apic sep mtrr pge mca cmov pat pse36 clflush dts acpi mmx fxsr sse sse2 ss ht tm pbe syscall nx rdtscp lm constant_tsc arch_perfmon pebs bts rep_good nopl xtopology nonstop_tsc aperfmperf eagerfpu pni pclmulqdq dtes64 monitor ds_cpl vmx smx est tm2 ssse3 cx16 xtpr pdcm pcid sse4_1 sse4_2 x2apic popcnt tsc_deadline_timer aes xsave avx f16c rdrand lahf_lm ida arat epb pln pts dtherm tpr_shadow vnmi flexpriority ept vpid fsgsbase smep erms xsaveopt
bugs		:
bogomips	: 6784.24
clflush size	: 64
cache_alignment	: 64
address sizes	: 36 bits physical, 48 bits virtual
power management:

processor	: 4
vendor_id	: GenuineIntel
cpu family	: 6
model		: 58
model name	: Intel(R) Core(TM) i7-3770 CPU @ 3.40GHz
stepping	: 9
microcode	: 0x19
cpu MHz		: 3571.992
cache size	: 8192 KB
physical id	: 0
siblings	: 8
core id		: 0
cpu cores	: 4
apicid		: 1
initial apicid	: 1
fpu		: yes
fpu_exception	: yes
cpuid level	: 13
wp		: yes
flags		: fpu vme de pse tsc msr pae mce cx8 apic sep mtrr pge mca cmov pat pse36 clflush dts acpi mmx fxsr sse sse2 ss ht tm pbe syscall nx rdtscp lm constant_tsc arch_perfmon pebs bts rep_good nopl xtopology nonstop_tsc aperfmperf eagerfpu pni pclmulqdq dtes64 monitor ds_cpl vmx smx est tm2 ssse3 cx16 xtpr pdcm pcid sse4_1 sse4_2 x2apic popcnt tsc_deadline_timer aes xsave avx f16c rdrand lahf_lm ida arat epb pln pts dtherm tpr_shadow vnmi flexpriority ept vpid fsgsbase smep erms xsaveopt
bugs		:
bogomips	: 6784.24
clflush size	: 64
cache_alignment	: 64
address sizes	: 36 bits physical, 48 bits virtual
power management:

processor	: 5
vendor_id	: GenuineIntel
cpu family	: 6
model		: 58
model name	: Intel(R) Core(TM) i7-3770 CPU @ 3.40GHz
stepping	: 9
microcode	: 0x19
cpu MHz		: 3621.265
cache size	: 8192 KB
physical id	: 0
siblings	: 8
core id		: 1
cpu cores	: 4
apicid		: 3
initial apicid	: 3
fpu		: yes
fpu_exception	: yes
cpuid level	: 13
wp		: yes
flags		: fpu vme de pse tsc msr pae mce cx8 apic sep mtrr pge mca cmov pat pse36 clflush dts acpi mmx fxsr sse sse2 ss ht tm pbe syscall nx rdtscp lm constant_tsc arch_perfmon pebs bts rep_good nopl xtopology nonstop_tsc aperfmperf eagerfpu pni pclmulqdq dtes64 monitor ds_cpl vmx smx est tm2 ssse3 cx16 xtpr pdcm pcid sse4_1 sse4_2 x2apic popcnt tsc_deadline_timer aes xsave avx f16c rdrand lahf_lm ida arat epb pln pts dtherm tpr_shadow vnmi flexpriority ept vpid fsgsbase smep erms xsaveopt
bugs		:
bogomips	: 6784.24
clflush size	: 64
cache_alignment	: 64
address sizes	: 36 bits physical, 48 bits virtual
power management:

processor	: 6
vendor_id	: GenuineIntel
cpu family	: 6
model		: 58
model name	: Intel(R) Core(TM) i7-3770 CPU @ 3.40GHz
stepping	: 9
microcode	: 0x19
cpu MHz		: 3761.382
cache size	: 8192 KB
physical id	: 0
siblings	: 8
core id		: 2
cpu cores	: 4
apicid		: 5
initial apicid	: 5
fpu		: yes
fpu_exception	: yes
cpuid level	: 13
wp		: yes
flags		: fpu vme de pse tsc msr pae mce cx8 apic sep mtrr pge mca cmov pat pse36 clflush dts acpi mmx fxsr sse sse2 ss ht tm pbe syscall nx rdtscp lm constant_tsc arch_perfmon pebs bts rep_good nopl xtopology nonstop_tsc aperfmperf eagerfpu pni pclmulqdq dtes64 monitor ds_cpl vmx smx est tm2 ssse3 cx16 xtpr pdcm pcid sse4_1 sse4_2 x2apic popcnt tsc_deadline_timer aes xsave avx f16c rdrand lahf_lm ida arat epb pln pts dtherm tpr_shadow vnmi flexpriority ept vpid fsgsbase smep erms xsaveopt
bugs		:
bogomips	: 6784.24
clflush size	: 64
cache_alignment	: 64
address sizes	: 36 bits physical, 48 bits virtual
power management:

processor	: 7
vendor_id	: GenuineIntel
cpu family	: 6
model		: 58
model name	: Intel(R) Core(TM) i7-3770 CPU @ 3.40GHz
stepping	: 9
microcode	: 0x19
cpu MHz		: 3736.414
cache size	: 8192 KB
physical id	: 0
siblings	: 8
core id		: 3
cpu cores	: 4
apicid		: 7
initial apicid	: 7
fpu		: yes
fpu_exception	: yes
cpuid level	: 13
wp		: yes
flags		: fpu vme de pse tsc msr pae mce cx8 apic sep mtrr pge mca cmov pat pse36 clflush dts acpi mmx fxsr sse sse2 ss ht tm pbe syscall nx rdtscp lm constant_tsc arch_perfmon pebs bts rep_good nopl xtopology nonstop_tsc aperfmperf eagerfpu pni pclmulqdq dtes64 monitor ds_cpl vmx smx est tm2 ssse3 cx16 xtpr pdcm pcid sse4_1 sse4_2 x2apic popcnt tsc_deadline_timer aes xsave avx f16c rdrand lahf_lm ida arat epb pln pts dtherm tpr_shadow vnmi flexpriority ept vpid fsgsbase smep erms xsaveopt
bugs		:
bogomips	: 6784.24
clflush size	: 64
cache_alignment	: 64
address sizes	: 36 bits physical, 48 bits virtual
power management:



Memory: 4k page, physical 8090356k(1170980k free), swap 1048572k(1048572k free)

vm_info: Java HotSpot(TM) 64-Bit Server VM (24.80-b11) for linux-amd64 JRE (1.7.0_80-b15), built on Apr 10 2015 19:53:14 by "java_re" with gcc 4.3.0 20080428 (Red Hat 4.3.0-8)

time: Thu Jul 30 17:31:24 2015
elapsed time: 1 seconds

