#
# A fatal error has been detected by the Java Runtime Environment:
#
#  EXCEPTION_ACCESS_VIOLATION (0xc0000005) at pc=0x00007ff9d65e7f93, pid=2156, tid=4452
#
# JRE version: Java(TM) SE Runtime Environment (8.0_25-b18) (build 1.8.0_25-b18)
# Java VM: Java HotSpot(TM) 64-Bit Server VM (25.25-b02 mixed mode windows-amd64 compressed oops)
# Problematic frame:
# C  [ntdll.dll+0xb7f93]
#
# Failed to write core dump. Minidumps are not enabled by default on client versions of Windows
#
# If you would like to submit a bug report, please visit:
#   http://bugreport.sun.com/bugreport/crash.jsp
# The crash happened outside the Java Virtual Machine in native code.
# See problematic frame for where to report the bug.
#

---------------  T H R E A D  ---------------

Current thread (0x0000000002940800):  JavaThread "main" [_thread_in_native, id=4452, stack(0x00000000027d0000,0x00000000028d0000)]

siginfo: ExceptionCode=0xc0000005, reading address 0x00000000028d1000

Registers:
RAX=0x0000000000000000, RBX=0x0000000000000000, RCX=0x00000000028d1000, RDX=0x0000000000000011
RSP=0x00000000028be220, RBP=0x00000000028be320, RSI=0x00000000028cf870, RDI=0x00000000028be960
R8 =0x0000000000000000, R9 =0x000000001a61d7a0, R10=0x0000000000000000, R11=0x00000000028be170
R12=0x00000000028be930, R13=0x00000000028be3e0, R14=0x0000000000000000, R15=0x0000000000000000
RIP=0x00007ff9d65e7f93, EFLAGS=0x0000000000010246

Top of Stack: (sp=0x00000000028be220)
0x00000000028be220:   0000000000000000 00000000028cf870
0x00000000028be230:   0000000000000000 0000000000000000
0x00000000028be240:   0000000000000000 0000000000000000
0x00000000028be250:   0000000000000000 0000000000000000
0x00000000028be260:   0000000000000002 00000000028cf870
0x00000000028be270:   0000000000000000 000000005ffafb38
0x00000000028be280:   0000000000000000 0000000000000000
0x00000000028be290:   00007ff9d6530000 00000000028be3e0
0x00000000028be2a0:   00000000028cf870 0000000000000000
0x00000000028be2b0:   000000001a61d7a0 00000000028be930
0x00000000028be2c0:   00000000028d0000 0000000000000001
0x00000000028be2d0:   00000000028b6000 000000006c751cb4
0x00000000028be2e0:   00000000028be960 0000000000000000
0x00000000028be2f0:   000000005f9c8911 000000005f890000
0x00000000028be300:   0000000060082b50 00000000028cf500
0x00000000028be310:   000000006c751cb4 00000000028be960 

Instructions: (pc=0x00007ff9d65e7f93)
0x00007ff9d65e7f73:   c9 49 8b 00 48 89 84 cf a0 01 00 00 49 8b 40 08
0x00007ff9d65e7f83:   e9 23 30 f9 ff 49 8b 8d 98 00 00 00 4c 8b 4d 90
0x00007ff9d65e7f93:   48 8b 01 49 89 85 f8 00 00 00 48 8d 41 08 49 89
0x00007ff9d65e7fa3:   85 98 00 00 00 e9 30 2e f9 ff 49 3b f1 0f 84 48 


Register to memory mapping:

RAX=0x0000000000000000 is an unknown value
RBX=0x0000000000000000 is an unknown value
RCX=0x00000000028d1000 is an unknown value
RDX=0x0000000000000011 is an unknown value
RSP=0x00000000028be220 is pointing into the stack for thread: 0x0000000002940800
RBP=0x00000000028be320 is pointing into the stack for thread: 0x0000000002940800
RSI=0x00000000028cf870 is pointing into the stack for thread: 0x0000000002940800
RDI=0x00000000028be960 is pointing into the stack for thread: 0x0000000002940800
R8 =0x0000000000000000 is an unknown value
R9 =0x000000001a61d7a0 is pointing into the stack for thread: 0x0000000019c94000
R10=0x0000000000000000 is an unknown value
R11=0x00000000028be170 is pointing into the stack for thread: 0x0000000002940800
R12=0x00000000028be930 is pointing into the stack for thread: 0x0000000002940800
R13=0x00000000028be3e0 is pointing into the stack for thread: 0x0000000002940800
R14=0x0000000000000000 is an unknown value
R15=0x0000000000000000 is an unknown value


Stack: [0x00000000027d0000,0x00000000028d0000],  sp=0x00000000028be220,  free space=952k
Native frames: (J=compiled Java code, j=interpreted, Vv=VM code, C=native code)
C  [ntdll.dll+0xb7f93]
C  [msvcrt.dll+0x1389a]
C  [R.dll+0x658fe]
C  [R.dll+0x64639]
C  [R.dll+0x6522c]
C  [R.dll+0xb30bf]
C  [R.dll+0xb3c7e]
C  [R.dll+0xb4f4b]
C  [R.dll+0xb783e]
C  [R.dll+0xb828c]
C  [jri.dll+0x1695]
C  0x0000000002a56677

Java frames: (J=compiled Java code, j=interpreted, Vv=VM code)
j  org.rosuda.JRI.Rengine.rniParse(Ljava/lang/String;I)J+0
j  org.rosuda.JRI.Rengine.eval(Ljava/lang/String;Z)Lorg/rosuda/JRI/REXP;+53
j  org.rosuda.JRI.Rengine.eval(Ljava/lang/String;)Lorg/rosuda/JRI/REXP;+3
j  reportestrimestrales.Vitales.cargarCSV(Ljava/lang/String;)V+46
j  reportestrimestrales.Vitales.<init>(Ljava/lang/String;Ljava/lang/String;Ljava/lang/String;Ljava/lang/String;)V+49
j  reportestrimestrales.ReportesTrimestrales.main([Ljava/lang/String;)V+38
v  ~StubRoutines::call_stub

---------------  P R O C E S S  ---------------

Java Threads: ( => current thread )
  0x0000000019c94000 JavaThread "Thread-0" [_thread_blocked, id=4132, stack(0x000000001a520000,0x000000001a620000)]
  0x0000000019ae6800 JavaThread "Service Thread" daemon [_thread_blocked, id=4560, stack(0x000000001a320000,0x000000001a420000)]
  0x0000000019a51000 JavaThread "C1 CompilerThread3" daemon [_thread_blocked, id=5292, stack(0x000000001a220000,0x000000001a320000)]
  0x0000000019a4d800 JavaThread "C2 CompilerThread2" daemon [_thread_blocked, id=6400, stack(0x000000001a120000,0x000000001a220000)]
  0x0000000019a4a000 JavaThread "C2 CompilerThread1" daemon [_thread_blocked, id=6384, stack(0x000000001a020000,0x000000001a120000)]
  0x0000000019a47800 JavaThread "C2 CompilerThread0" daemon [_thread_blocked, id=4128, stack(0x0000000019f20000,0x000000001a020000)]
  0x0000000019a44800 JavaThread "Attach Listener" daemon [_thread_blocked, id=6800, stack(0x0000000019e20000,0x0000000019f20000)]
  0x0000000019a44000 JavaThread "Signal Dispatcher" daemon [_thread_blocked, id=1324, stack(0x0000000002650000,0x0000000002750000)]
  0x0000000002a38800 JavaThread "Finalizer" daemon [_thread_blocked, id=6200, stack(0x0000000019920000,0x0000000019a20000)]
  0x0000000002a31800 JavaThread "Reference Handler" daemon [_thread_blocked, id=5492, stack(0x0000000019820000,0x0000000019920000)]
=>0x0000000002940800 JavaThread "main" [_thread_in_native, id=4452, stack(0x00000000027d0000,0x00000000028d0000)]

Other Threads:
  0x0000000017a27800 VMThread [stack: 0x0000000019720000,0x0000000019820000] [id=4572]
  0x0000000019ae9000 WatcherThread [stack: 0x000000001a420000,0x000000001a520000] [id=4548]

VM state:not at safepoint (normal execution)

VM Mutex/Monitor currently owned by a thread: None

Heap:
 PSYoungGen      total 38400K, used 3328K [0x00000000d5c00000, 0x00000000d8680000, 0x0000000100000000)
  eden space 33280K, 10% used [0x00000000d5c00000,0x00000000d5f40140,0x00000000d7c80000)
  from space 5120K, 0% used [0x00000000d8180000,0x00000000d8180000,0x00000000d8680000)
  to   space 5120K, 0% used [0x00000000d7c80000,0x00000000d7c80000,0x00000000d8180000)
 ParOldGen       total 87552K, used 0K [0x0000000081400000, 0x0000000086980000, 0x00000000d5c00000)
  object space 87552K, 0% used [0x0000000081400000,0x0000000081400000,0x0000000086980000)
 Metaspace       used 3569K, capacity 4642K, committed 4864K, reserved 1056768K
  class space    used 389K, capacity 394K, committed 512K, reserved 1048576K

Card table byte_map: [0x0000000011e00000,0x0000000012200000] byte_map_base: 0x00000000119f6000

Marking Bits: (ParMarkBitMap*) 0x000000006006d490
 Begin Bits: [0x0000000012cb0000, 0x0000000014c60000)
 End Bits:   [0x0000000014c60000, 0x0000000016c10000)

Polling page: 0x00000000028d0000

CodeCache: size=245760Kb used=1272Kb max_used=1283Kb free=244487Kb
 bounds [0x0000000002a40000, 0x0000000002cb0000, 0x0000000011a40000]
 total_blobs=349 nmethods=92 adapters=171
 compilation: enabled

Compilation events (10 events):
Event: 0.097 Thread 0x0000000019a51000   88 %     3       org.rosuda.JRI.Rengine::<init> @ 74 (95 bytes)
Event: 0.097 Thread 0x0000000019a51000 nmethod 88% 0x0000000002b7c410 code [0x0000000002b7c5c0, 0x0000000002b7cb28]
Event: 0.097 Thread 0x0000000019a51000   89       3       org.rosuda.JRI.Rengine::<init> (95 bytes)
Event: 0.098 Thread 0x0000000019a51000 nmethod 89 0x0000000002b7cd50 code [0x0000000002b7cf00, 0x0000000002b7d428]
Event: 0.100 Thread 0x0000000019a51000   90       3       sun.misc.MetaIndex::mayContain (51 bytes)
Event: 0.100 Thread 0x0000000019a51000 nmethod 90 0x0000000002b7d610 code [0x0000000002b7d7c0, 0x0000000002b7de38]
Event: 0.100 Thread 0x0000000019a51000   91       1       java.net.URL::getHost (5 bytes)
Event: 0.100 Thread 0x0000000019a4a000   92 %     4       org.rosuda.JRI.Rengine::<init> @ 74 (95 bytes)
Event: 0.100 Thread 0x0000000019a51000 nmethod 91 0x0000000002b7e0d0 code [0x0000000002b7e220, 0x0000000002b7e330]
Event: 0.101 Thread 0x0000000019a4a000 nmethod 92% 0x0000000002b81050 code [0x0000000002b811a0, 0x0000000002b81268]

GC Heap History (0 events):
No events

Deoptimization events (0 events):
No events

Internal exceptions (10 events):
Event: 0.069 Thread 0x0000000002940800 Exception <a 'java/security/PrivilegedActionException'> (0x00000000d5e0f110) thrown at [D:\re\workspace\8-2-build-windows-amd64-cygwin\jdk8u25\1677\hotspot\src\share\vm\prims\jvm.cpp, line 1312]
Event: 0.069 Thread 0x0000000002940800 Exception <a 'java/security/PrivilegedActionException'> (0x00000000d5e0f458) thrown at [D:\re\workspace\8-2-build-windows-amd64-cygwin\jdk8u25\1677\hotspot\src\share\vm\prims\jvm.cpp, line 1312]
Event: 0.074 Thread 0x0000000002940800 Exception <a 'java/security/PrivilegedActionException'> (0x00000000d5e1acd8) thrown at [D:\re\workspace\8-2-build-windows-amd64-cygwin\jdk8u25\1677\hotspot\src\share\vm\prims\jvm.cpp, line 1312]
Event: 0.074 Thread 0x0000000002940800 Exception <a 'java/security/PrivilegedActionException'> (0x00000000d5e1c638) thrown at [D:\re\workspace\8-2-build-windows-amd64-cygwin\jdk8u25\1677\hotspot\src\share\vm\prims\jvm.cpp, line 1312]
Event: 0.082 Thread 0x0000000002940800 Exception <a 'java/security/PrivilegedActionException'> (0x00000000d5e47e60) thrown at [D:\re\workspace\8-2-build-windows-amd64-cygwin\jdk8u25\1677\hotspot\src\share\vm\prims\jvm.cpp, line 1312]
Event: 0.083 Thread 0x0000000002940800 Exception <a 'java/security/PrivilegedActionException'> (0x00000000d5e4a710) thrown at [D:\re\workspace\8-2-build-windows-amd64-cygwin\jdk8u25\1677\hotspot\src\share\vm\prims\jvm.cpp, line 1312]
Event: 0.084 Thread 0x0000000002940800 Exception <a 'java/security/PrivilegedActionException'> (0x00000000d5e53cc0) thrown at [D:\re\workspace\8-2-build-windows-amd64-cygwin\jdk8u25\1677\hotspot\src\share\vm\prims\jvm.cpp, line 1312]
Event: 0.084 Thread 0x0000000002940800 Exception <a 'java/security/PrivilegedActionException'> (0x00000000d5e55b28) thrown at [D:\re\workspace\8-2-build-windows-amd64-cygwin\jdk8u25\1677\hotspot\src\share\vm\prims\jvm.cpp, line 1312]
Event: 0.090 Thread 0x0000000002940800 Exception <a 'java/security/PrivilegedActionException'> (0x00000000d5e64ee0) thrown at [D:\re\workspace\8-2-build-windows-amd64-cygwin\jdk8u25\1677\hotspot\src\share\vm\prims\jvm.cpp, line 1312]
Event: 0.100 Thread 0x0000000002940800 Exception <a 'java/security/PrivilegedActionException'> (0x00000000d5e697c8) thrown at [D:\re\workspace\8-2-build-windows-amd64-cygwin\jdk8u25\1677\hotspot\src\share\vm\prims\jvm.cpp, line 1312]

Events (10 events):
Event: 0.085 loading class java/lang/UnsatisfiedLinkError done
Event: 0.086 loading class java/lang/ClassLoaderHelper
Event: 0.086 loading class java/lang/ClassLoaderHelper done
Event: 0.090 loading class org/rosuda/JRI/Mutex
Event: 0.090 loading class org/rosuda/JRI/Mutex done
Event: 0.091 Thread 0x0000000019c94000 Thread added: 0x0000000019c94000
Event: 0.100 loading class org/rosuda/JRI/RMainLoopCallbacks
Event: 0.100 loading class org/rosuda/JRI/RMainLoopCallbacks done
Event: 0.101 Thread 0x0000000002940800 DEOPT PACKING pc=0x0000000002b7ca16 sp=0x00000000028ceff0
Event: 0.101 Thread 0x0000000002940800 DEOPT UNPACKING pc=0x0000000002a875bf sp=0x00000000028ced70 mode 0


Dynamic libraries:
0x00007ff73b4f0000 - 0x00007ff73b524000 	C:\Program Files\Java\jdk1.8.0_25\bin\java.exe
0x00007ff9d6530000 - 0x00007ff9d66da000 	C:\Windows\SYSTEM32\ntdll.dll
0x00007ff9d57d0000 - 0x00007ff9d590a000 	C:\Windows\system32\KERNEL32.DLL
0x00007ff9d3ca0000 - 0x00007ff9d3daf000 	C:\Windows\system32\KERNELBASE.dll
0x00007ff9d1fc0000 - 0x00007ff9d2048000 	C:\Windows\system32\apphelp.dll
0x00007ff9cc400000 - 0x00007ff9cc44f000 	C:\Windows\AppPatch\AppPatch64\AcGenral.DLL
0x00007ff9d5e90000 - 0x00007ff9d5f37000 	C:\Windows\system32\msvcrt.dll
0x00007ff9d35c0000 - 0x00007ff9d35eb000 	C:\Windows\SYSTEM32\SspiCli.dll
0x00007ff9d56d0000 - 0x00007ff9d5721000 	C:\Windows\system32\SHLWAPI.dll
0x00007ff9d5320000 - 0x00007ff9d5491000 	C:\Windows\system32\USER32.dll
0x00007ff9d6150000 - 0x00007ff9d62c8000 	C:\Windows\system32\ole32.dll
0x00007ff9d3ec0000 - 0x00007ff9d52d7000 	C:\Windows\system32\SHELL32.dll
0x00007ff9d2df0000 - 0x00007ff9d2e0e000 	C:\Windows\SYSTEM32\USERENV.dll
0x00007ff9d3e10000 - 0x00007ff9d3eb5000 	C:\Windows\system32\ADVAPI32.dll
0x00007ff9c9e50000 - 0x00007ff9c9e6b000 	C:\Windows\SYSTEM32\MPR.dll
0x00007ff9d62d0000 - 0x00007ff9d6406000 	C:\Windows\system32\RPCRT4.dll
0x00007ff9d64d0000 - 0x00007ff9d6527000 	C:\Windows\SYSTEM32\sechost.dll
0x00007ff9d54b0000 - 0x00007ff9d5686000 	C:\Windows\SYSTEM32\combase.dll
0x00007ff9d5f40000 - 0x00007ff9d6085000 	C:\Windows\system32\GDI32.dll
0x00007ff9d38a0000 - 0x00007ff9d38b4000 	C:\Windows\SYSTEM32\profapi.dll
0x00007ff9d1e50000 - 0x00007ff9d1eef000 	C:\Windows\SYSTEM32\SHCORE.dll
0x00007ff9d52e0000 - 0x00007ff9d5314000 	C:\Windows\system32\IMM32.DLL
0x00007ff9d5910000 - 0x00007ff9d5a49000 	C:\Windows\system32\MSCTF.dll
0x00007ff9cc450000 - 0x00007ff9cc486000 	C:\Users\INE\AppData\Local\Linkey\IEEXTE~1\iedll64.dll
0x00007ff9d0d80000 - 0x00007ff9d0fda000 	C:\Windows\WinSxS\amd64_microsoft.windows.common-controls_6595b64144ccf1df_6.0.9600.17031_none_6242a4b3ecbb55a1\COMCTL32.dll
0x000000005f7b0000 - 0x000000005f882000 	C:\Program Files\Java\jdk1.8.0_25\jre\bin\msvcr100.dll
0x000000005f890000 - 0x00000000600ea000 	C:\Program Files\Java\jdk1.8.0_25\jre\bin\server\jvm.dll
0x00007ff9cc570000 - 0x00007ff9cc579000 	C:\Windows\SYSTEM32\WSOCK32.dll
0x00007ff9c9720000 - 0x00007ff9c973f000 	C:\Windows\SYSTEM32\WINMM.dll
0x00007ff9d5690000 - 0x00007ff9d5697000 	C:\Windows\system32\PSAPI.DLL
0x00007ff9d60f0000 - 0x00007ff9d6148000 	C:\Windows\system32\WS2_32.dll
0x00007ff9c8ea0000 - 0x00007ff9c8eca000 	C:\Windows\SYSTEM32\WINMMBASE.dll
0x00007ff9d56a0000 - 0x00007ff9d56a9000 	C:\Windows\system32\NSI.dll
0x00007ff9d3c50000 - 0x00007ff9d3c9a000 	C:\Windows\SYSTEM32\cfgmgr32.dll
0x00007ff9d2660000 - 0x00007ff9d2686000 	C:\Windows\SYSTEM32\DEVOBJ.dll
0x000000005f760000 - 0x000000005f76f000 	C:\Program Files\Java\jdk1.8.0_25\jre\bin\verify.dll
0x000000005f730000 - 0x000000005f758000 	C:\Program Files\Java\jdk1.8.0_25\jre\bin\java.dll
0x000000005f710000 - 0x000000005f726000 	C:\Program Files\Java\jdk1.8.0_25\jre\bin\zip.dll
0x0000000062d80000 - 0x0000000062da6000 	C:\Users\INE\Documents\R\win-library\3.1\rJava\jri\x64\jri.dll
0x000000006c700000 - 0x000000006cae6000 	C:\Program Files\R\R-3.1.1\bin\x64\R.dll
0x0000000064e80000 - 0x0000000064eda000 	C:\Program Files\R\R-3.1.1\bin\x64\Rblas.dll
0x00000000641c0000 - 0x00000000641e5000 	C:\Program Files\R\R-3.1.1\bin\x64\Riconv.dll
0x0000000063540000 - 0x00000000635b0000 	C:\Program Files\R\R-3.1.1\bin\x64\Rgraphapp.dll
0x000000006f8c0000 - 0x000000006f8f2000 	C:\Program Files\R\R-3.1.1\bin\x64\Rzlib.dll
0x00007ff9cddc0000 - 0x00007ff9cddca000 	C:\Windows\SYSTEM32\VERSION.dll
0x00007ff9d5730000 - 0x00007ff9d57ca000 	C:\Windows\system32\comdlg32.dll
0x00007ff9cebe0000 - 0x00007ff9cebe7000 	C:\Windows\SYSTEM32\MSIMG32.dll
0x00007ff9d24e0000 - 0x00007ff9d2601000 	C:\Windows\system32\uxtheme.dll
0x000000006e5c0000 - 0x000000006e5e7000 	C:\Program Files\R\R-3.1.1\library\utils\libs\x64\utils.dll
0x0000000064a40000 - 0x0000000064a54000 	C:\Program Files\R\R-3.1.1\library\methods\libs\x64\methods.dll
0x00007ff9c0bf0000 - 0x00007ff9c0c38000 	C:\Program Files (x86)\TeamViewer\tv_x64.dll
0x000000006fc80000 - 0x000000006fcd1000 	C:\Program Files\R\R-3.1.1\library\grDevices\libs\x64\grDevices.dll
0x0000000063740000 - 0x0000000063787000 	C:\Program Files\R\R-3.1.1\library\graphics\libs\x64\graphics.dll
0x0000000071100000 - 0x00000000711a1000 	C:\Program Files\R\R-3.1.1\library\stats\libs\x64\stats.dll
0x000000001c910000 - 0x000000001cba9000 	C:\Program Files\R\R-3.1.1\bin\x64\Rlapack.dll
0x00007ff9c2010000 - 0x00007ff9c2198000 	C:\Windows\SYSTEM32\dbghelp.dll

VM Arguments:
jvm_args: -Dfile.encoding=UTF-8 
java_command: reportestrimestrales.ReportesTrimestrales
java_class_path (initial): C:\Users\INE\Documents\R\win-library\3.1\rJava\jri\JRI.jar;C:\Users\INE\Documents\R\win-library\3.1\rJava\jri\JRIEngine.jar;C:\Users\INE\Documents\R\win-library\3.1\rJava\jri\REngine.jar;C:\Users\INE\Documents\GitHub\reportesTrimestrales\jsoup-1.8.1-javadoc.jar;C:\Users\INE\Documents\GitHub\reportesTrimestrales\jsoup-1.8.1.jar;C:\Users\INE\Documents\GitHub\reportesTrimestrales\commons-io-2.4-bin\commons-io-2.4\commons-io-2.4.jar;C:\Users\INE\Documents\GitHub\reportesTrimestrales\build\classes
Launcher Type: SUN_STANDARD

Environment Variables:
PATH=c:\Rtools\bin;c:\Rtools\gcc-4.6.3\bin;C:\Windows\system32;C:\Windows;C:\Windows\System32\Wbem;C:\Windows\System32\WindowsPowerShell\v1.0\;C:\Users\INE\Documents\R\win-library\3.1\rJava\jri\x64;C:\Program Files\R\R-3.1.1\bin\x64;C:\Program Files (x86)\Git\cmd;C:\texlive\2014\bin\win32;C:\Program Files (x86)\GnuWin32\bin;C:\ProgramData\chocolatey\bin;
USERNAME=INE
OS=Windows_NT
PROCESSOR_IDENTIFIER=Intel64 Family 6 Model 58 Stepping 9, GenuineIntel



---------------  S Y S T E M  ---------------

OS: Windows 8.1 , 64 bit Build 9600 

CPU:total 8 (4 cores per cpu, 2 threads per core) family 6 model 58 stepping 9, cmov, cx8, fxsr, mmx, sse, sse2, sse3, ssse3, sse4.1, sse4.2, popcnt, avx, aes, clmul, erms, ht, tsc, tscinvbit, tscinv

Memory: 4k page, physical 8305268k(4445264k free), swap 9615988k(5107776k free)

vm_info: Java HotSpot(TM) 64-Bit Server VM (25.25-b02) for windows-amd64 JRE (1.8.0_25-b18), built on Oct  7 2014 14:25:37 by "java_re" with MS VC++ 10.0 (VS2010)

time: Thu Feb 12 23:02:05 2015
elapsed time: 0 seconds (0d 0h 0m 0s)

