#
# A fatal error has been detected by the Java Runtime Environment:
#
#  SIGSEGV (0xb) at pc=0x00007fb9692aa701, pid=15371, tid=140435176642304
#
# JRE version: Java(TM) SE Runtime Environment (7.0_80-b15) (build 1.7.0_80-b15)
# Java VM: Java HotSpot(TM) 64-Bit Server VM (24.80-b11 mixed mode linux-amd64 compressed oops)
# Problematic frame:
# C  [libR.so+0x13d701]  R_gc+0xd1
#
# Failed to write core dump. Core dumps have been disabled. To enable core dumping, try "ulimit -c unlimited" before starting Java again
#
# If you would like to submit a bug report, please visit:
#   http://bugreport.java.com/bugreport/crash.jsp
# The crash happened outside the Java Virtual Machine in native code.
# See problematic frame for where to report the bug.
#

---------------  T H R E A D  ---------------

Current thread (0x00007fb99400b000):  JavaThread "main" [_thread_in_native, id=15376, stack(0x00007fb99cc15000,0x00007fb99cd16000)]

siginfo:si_signo=SIGSEGV: si_errno=0, si_code=1 (SEGV_MAPERR), si_addr=0x0000000000000018

Registers:
RAX=0x0000000000000160, RBX=0x0000000000000028, RCX=0x00007fb99430f548, RDX=0x00007fb96964aec0
RSP=0x00007fb99cd14600, RBP=0x0000000000000030, RSI=0x0000000000000000, RDI=0x0000000000000003
R8 =0x0000000000000000, R9 =0x00007fb96964b170, R10=0x00007fb96964b030, R11=0x00007fb994000078
R12=0x0000000000000001, R13=0x00007fb99430f540, R14=0x0000000000000001, R15=0x00007fb96964b030
RIP=0x00007fb9692aa701, EFLAGS=0x0000000000010206, CSGSFS=0xffff000000000033, ERR=0x0000000000000004
  TRAPNO=0x000000000000000e

Top of Stack: (sp=0x00007fb99cd14600)
0x00007fb99cd14600:   000000000000002c 0000000000000000
0x00007fb99cd14610:   0000000000000001 0000000000000010
0x00007fb99cd14620:   0000000000000001 00007fb9692abde1
0x00007fb99cd14630:   00007fb900000001 00007fb96964aec0
0x00007fb99cd14640:   00007fb99430edf0 0000000000000028
0x00007fb99cd14650:   00007fb99c0ebde0 00007fb99400b1e8
0x00007fb99cd14660:   00007fb99cd14780 00007fb99430edf0
0x00007fb99cd14670:   000000077f9d9118 00007fb99cd14788
0x00007fb99cd14680:   00007fb99400b000 00007fb96972e56b
0x00007fb99cd14690:   00007fb99400b1e8 000000077f9d9118
0x00007fb99cd146a0:   0000000000000001 0000000000000000
0x00007fb99cd146b0:   000000077f9d9118 00007fb96972d360
0x00007fb99cd146c0:   000000077f9d9118 00007fb99cd14788
0x00007fb99cd146d0:   00007fb99cd14758 000000077f9d9118
0x00007fb99cd146e0:   00007fb99cd14758 00007fb991013792
0x00007fb99cd146f0:   000000077f9dc335 00000000000000b6
0x00007fb99cd14700:   00007fb99400b8f8 0000000000000000
0x00007fb99cd14710:   00000007d701fdb8 00007fb99cd14708
0x00007fb99cd14720:   000000077f9d9118 00007fb99cd14788
0x00007fb99cd14730:   000000077f9de600 0000000000000000
0x00007fb99cd14740:   000000077f9d9118 0000000000000000
0x00007fb99cd14750:   00007fb99cd14778 00007fb99cd147e0
0x00007fb99cd14760:   00007fb991006175 0000000000000000
0x00007fb99cd14770:   00007fb99100ecd7 0000000000000001
0x00007fb99cd14780:   00000007d71c9580 00000007d701fdb8
0x00007fb99cd14790:   0000000000000000 00000007d701fdb8
0x00007fb99cd147a0:   00007fb99cd14790 000000077f9dc335
0x00007fb99cd147b0:   00007fb99cd14840 000000077f9de600
0x00007fb99cd147c0:   0000000000000000 000000077f9dc418
0x00007fb99cd147d0:   00007fb99cd14778 00007fb99cd14830
0x00007fb99cd147e0:   00007fb99cd14898 00007fb991006233
0x00007fb99cd147f0:   0000000000000000 0000000000000000 

Instructions: (pc=0x00007fb9692aa701)
0x00007fb9692aa6e1:   8d 54 02 10 49 8b 49 08 41 83 41 04 01 85 db 4d
0x00007fb9692aa6f1:   89 69 08 49 8b 32 49 89 4d 00 49 8d 4d 08 74 4e
0x00007fb9692aa701:   48 8b 56 18 44 89 e7 45 31 c0 8b 05 0f 13 3a 00
0x00007fb9692aa711:   c1 e7 05 0f 1f 40 00 48 89 71 10 41 83 01 01 41 

Register to memory mapping:

RAX=0x0000000000000160 is an unknown value
RBX=0x0000000000000028 is an unknown value
RCX=0x00007fb99430f548 is an unknown value
RDX=0x00007fb96964aec0: <offset 0x4ddec0> in /usr/lib/libR.so at 0x00007fb96916d000
RSP=0x00007fb99cd14600 is pointing into the stack for thread: 0x00007fb99400b000
RBP=0x0000000000000030 is an unknown value
RSI=0x0000000000000000 is an unknown value
RDI=0x0000000000000003 is an unknown value
R8 =0x0000000000000000 is an unknown value
R9 =0x00007fb96964b170: <offset 0x4de170> in /usr/lib/libR.so at 0x00007fb96916d000
R10=0x00007fb96964b030: <offset 0x4de030> in /usr/lib/libR.so at 0x00007fb96916d000
R11=0x00007fb994000078 is an unknown value
R12=0x0000000000000001 is an unknown value
R13=0x00007fb99430f540 is an unknown value
R14=0x0000000000000001 is an unknown value
R15=0x00007fb96964b030: <offset 0x4de030> in /usr/lib/libR.so at 0x00007fb96916d000


Stack: [0x00007fb99cc15000,0x00007fb99cd16000],  sp=0x00007fb99cd14600,  free space=1021k
Native frames: (J=compiled Java code, j=interpreted, Vv=VM code, C=native code)
C  [libR.so+0x13d701]  R_gc+0xd1

[error occurred during error reporting (printing native stack), id 0xb]

Java frames: (J=compiled Java code, j=interpreted, Vv=VM code)
j  org.rosuda.JRI.Rengine.rniParse(Ljava/lang/String;I)J+0
j  org.rosuda.JRI.Rengine.eval(Ljava/lang/String;Z)Lorg/rosuda/JRI/REXP;+53
j  org.rosuda.JRI.Rengine.eval(Ljava/lang/String;)Lorg/rosuda/JRI/REXP;+3
j  reportestrimestrales.Documento.compilar(Lreportestrimestrales/SesionR;Ljava/lang/String;Ljava/lang/String;)V+40
j  reportestrimestrales.IPC.hacerPortada()V+351
j  reportestrimestrales.ReportesTrimestrales.main([Ljava/lang/String;)V+49
v  ~StubRoutines::call_stub

---------------  P R O C E S S  ---------------

Java Threads: ( => current thread )
  0x00007fb99430e000 JavaThread "Keep-Alive-Timer" daemon [_thread_blocked, id=15394, stack(0x00007fb9680d5000,0x00007fb9681d6000)]
  0x00007fb99424c800 JavaThread "Service Thread" daemon [_thread_blocked, id=15391, stack(0x00007fb96a15d000,0x00007fb96a25e000)]
  0x00007fb994249800 JavaThread "C2 CompilerThread1" daemon [_thread_blocked, id=15390, stack(0x00007fb96a25e000,0x00007fb96a35f000)]
  0x00007fb994247800 JavaThread "C2 CompilerThread0" daemon [_thread_blocked, id=15389, stack(0x00007fb96a35f000,0x00007fb96a460000)]
  0x00007fb9941e2800 JavaThread "Signal Dispatcher" daemon [_thread_blocked, id=15388, stack(0x00007fb96afc5000,0x00007fb96b0c6000)]
  0x00007fb9941c1800 JavaThread "Finalizer" daemon [_thread_blocked, id=15387, stack(0x00007fb96b7a8000,0x00007fb96b8a9000)]
  0x00007fb9941bf800 JavaThread "Reference Handler" daemon [_thread_blocked, id=15386, stack(0x00007fb96b8a9000,0x00007fb96b9aa000)]
=>0x00007fb99400b000 JavaThread "main" [_thread_in_native, id=15376, stack(0x00007fb99cc15000,0x00007fb99cd16000)]

Other Threads:
  0x00007fb9941bb000 VMThread [stack: 0x00007fb96b9aa000,0x00007fb96baab000] [id=15385]
  0x00007fb994257000 WatcherThread [stack: 0x00007fb96a05c000,0x00007fb96a15d000] [id=15392]

VM state:not at safepoint (normal execution)

VM Mutex/Monitor currently owned by a thread: None

Heap
 PSYoungGen      total 37376K, used 5197K [0x00000007d6d00000, 0x00000007d9680000, 0x0000000800000000)
  eden space 32256K, 16% used [0x00000007d6d00000,0x00000007d7213570,0x00000007d8c80000)
  from space 5120K, 0% used [0x00000007d9180000,0x00000007d9180000,0x00000007d9680000)
  to   space 5120K, 0% used [0x00000007d8c80000,0x00000007d8c80000,0x00000007d9180000)
 ParOldGen       total 83968K, used 0K [0x0000000784800000, 0x0000000789a00000, 0x00000007d6d00000)
  object space 83968K, 0% used [0x0000000784800000,0x0000000784800000,0x0000000789a00000)
 PSPermGen       total 21504K, used 4755K [0x000000077f600000, 0x0000000780b00000, 0x0000000784800000)
  object space 21504K, 22% used [0x000000077f600000,0x000000077faa4e00,0x0000000780b00000)

Card table byte_map: [0x00007fb9998ef000,0x00007fb999cf5000] byte_map_base: 0x00007fb995cf4000

Polling page: 0x00007fb99cd37000

Code Cache  [0x00007fb991000000, 0x00007fb991270000, 0x00007fb994000000)
 total_blobs=260 nmethods=18 adapters=196 free_code_cache=48711Kb largest_free_block=49866368

Compilation events (10 events):
Event: 0.078 Thread 0x00007fb994249800 nmethod 13 0x00007fb99106c110 code [0x00007fb99106c260, 0x00007fb99106c3b8]
Event: 0.078 Thread 0x00007fb994249800   15             sun.text.normalizer.Trie::getCodePointOffset (56 bytes)
Event: 0.078 Thread 0x00007fb994247800 nmethod 14 0x00007fb99106bcd0 code [0x00007fb99106be20, 0x00007fb99106bf78]
Event: 0.078 Thread 0x00007fb994249800 nmethod 15 0x00007fb99106b910 code [0x00007fb99106ba60, 0x00007fb99106bb88]
Event: 0.082 Thread 0x00007fb994247800   16             java.lang.String::length (6 bytes)
Event: 0.082 Thread 0x00007fb994247800 nmethod 16 0x00007fb991065c90 code [0x00007fb991065dc0, 0x00007fb991065e38]
Event: 0.086 Thread 0x00007fb994249800   17             sun.nio.cs.UTF_8$Encoder::encode (361 bytes)
Event: 0.088 Thread 0x00007fb994249800 nmethod 17 0x00007fb99106b210 code [0x00007fb99106b360, 0x00007fb99106b5b8]
Event: 0.098 Thread 0x00007fb994247800   18             java.util.Properties$LineReader::readLine (452 bytes)
Event: 0.102 Thread 0x00007fb994247800 nmethod 18 0x00007fb991070c90 code [0x00007fb991070e40, 0x00007fb9910713d8]

GC Heap History (0 events):
No events

Deoptimization events (7 events):
Event: 0.063 Thread 0x00007fb99400b000 Uncommon trap: reason=class_check action=maybe_recompile pc=0x00007fb991066120 method=java.io.DataInputStream.readChar()C @ 4
Event: 0.063 Thread 0x00007fb99400b000 Uncommon trap: reason=class_check action=maybe_recompile pc=0x00007fb991066120 method=java.io.DataInputStream.readChar()C @ 4
Event: 0.063 Thread 0x00007fb99400b000 Uncommon trap: reason=class_check action=maybe_recompile pc=0x00007fb991066120 method=java.io.DataInputStream.readChar()C @ 4
Event: 0.063 Thread 0x00007fb99400b000 Uncommon trap: reason=class_check action=maybe_recompile pc=0x00007fb991066120 method=java.io.DataInputStream.readChar()C @ 4
Event: 0.078 Thread 0x00007fb99400b000 Uncommon trap: reason=unstable_if action=reinterpret pc=0x00007fb99106c34c method=sun.text.normalizer.Trie.getCodePointOffset(I)I @ 9
Event: 0.078 Thread 0x00007fb99400b000 Uncommon trap: reason=unstable_if action=reinterpret pc=0x00007fb99106bf20 method=sun.text.normalizer.Trie.getCodePointOffset(I)I @ 9
Event: 0.079 Thread 0x00007fb99400b000 Uncommon trap: reason=unstable_if action=reinterpret pc=0x00007fb99106bb30 method=sun.text.normalizer.Trie.getCodePointOffset(I)I @ 23

Internal exceptions (10 events):
Event: 0.083 Thread 0x00007fb99400b000 Threw 0x00000007d700bd48 at /HUDSON/workspace/7u-2-build-linux-amd64/jdk7u80/2329/hotspot/src/share/vm/prims/jvm.cpp:1319
Event: 0.084 Thread 0x00007fb99400b000 Threw 0x00000007d700efc0 at /HUDSON/workspace/7u-2-build-linux-amd64/jdk7u80/2329/hotspot/src/share/vm/prims/jvm.cpp:1319
Event: 0.086 Thread 0x00007fb99400b000 Threw 0x00000007d7020398 at /HUDSON/workspace/7u-2-build-linux-amd64/jdk7u80/2329/hotspot/src/share/vm/prims/jvm.cpp:1319
Event: 0.087 Thread 0x00007fb99400b000 Threw 0x00000007d7026ab0 at /HUDSON/workspace/7u-2-build-linux-amd64/jdk7u80/2329/hotspot/src/share/vm/prims/jvm.cpp:1319
Event: 0.089 Thread 0x00007fb99400b000 Threw 0x00000007d70fd088 at /HUDSON/workspace/7u-2-build-linux-amd64/jdk7u80/2329/hotspot/src/share/vm/prims/jvm.cpp:1319
Event: 0.090 Thread 0x00007fb99400b000 Threw 0x00000007d7101db8 at /HUDSON/workspace/7u-2-build-linux-amd64/jdk7u80/2329/hotspot/src/share/vm/prims/jvm.cpp:1319
Event: 0.090 Thread 0x00007fb99400b000 Threw 0x00000007d71049f8 at /HUDSON/workspace/7u-2-build-linux-amd64/jdk7u80/2329/hotspot/src/share/vm/prims/jvm.cpp:1319
Event: 0.249 Thread 0x00007fb99400b000 Threw 0x00000007d718de58 at /HUDSON/workspace/7u-2-build-linux-amd64/jdk7u80/2329/hotspot/src/share/vm/prims/jvm.cpp:1319
Event: 0.250 Thread 0x00007fb99400b000 Threw 0x00000007d71a8858 at /HUDSON/workspace/7u-2-build-linux-amd64/jdk7u80/2329/hotspot/src/share/vm/prims/jvm.cpp:1319
Event: 0.251 Thread 0x00007fb99400b000 Threw 0x00000007d71ae8b8 at /HUDSON/workspace/7u-2-build-linux-amd64/jdk7u80/2329/hotspot/src/share/vm/prims/jvm.cpp:1319

Events (10 events):
Event: 0.251 loading class 0x00007fb994317350 done
Event: 0.251 loading class 0x00007fb9989b6070
Event: 0.251 loading class 0x00007fb9989b6070 done
Event: 1.042 loading class 0x00007fb94c044cf0
Event: 1.042 loading class 0x00007fb94c044cf0 done
Event: 1.042 Thread 0x00007fb99430e000 Thread added: 0x00007fb99430e000
Event: 1.042 loading class 0x00007fb94c044cc0
Event: 1.042 loading class 0x00007fb94c044cc0 done
Event: 1.042 loading class 0x00007fb94c044d20
Event: 1.042 loading class 0x00007fb94c044d20 done


Dynamic libraries:
00400000-00401000 r-xp 00000000 08:06 29276                              /usr/local/jdk1.7.0_80/bin/java
00600000-00601000 rw-p 00000000 08:06 29276                              /usr/local/jdk1.7.0_80/bin/java
00cc3000-00ce4000 rw-p 00000000 00:00 0                                  [heap]
77f600000-780b00000 rw-p 00000000 00:00 0 
780b00000-784800000 rw-p 00000000 00:00 0 
784800000-789a00000 rw-p 00000000 00:00 0 
789a00000-7d6d00000 rw-p 00000000 00:00 0 
7d6d00000-7d9680000 rw-p 00000000 00:00 0 
7d9680000-800000000 rw-p 00000000 00:00 0 
7fb940000000-7fb940021000 rw-p 00000000 00:00 0 
7fb940021000-7fb944000000 ---p 00000000 00:00 0 
7fb944000000-7fb944021000 rw-p 00000000 00:00 0 
7fb944021000-7fb948000000 ---p 00000000 00:00 0 
7fb94b7b2000-7fb94b7c9000 r-xp 00000000 08:06 658087                     /lib/x86_64-linux-gnu/libresolv-2.21.so
7fb94b7c9000-7fb94b9c9000 ---p 00017000 08:06 658087                     /lib/x86_64-linux-gnu/libresolv-2.21.so
7fb94b9c9000-7fb94b9cb000 r--p 00017000 08:06 658087                     /lib/x86_64-linux-gnu/libresolv-2.21.so
7fb94b9cb000-7fb94b9cc000 rw-p 00019000 08:06 658087                     /lib/x86_64-linux-gnu/libresolv-2.21.so
7fb94b9cc000-7fb94b9ce000 rw-p 00000000 00:00 0 
7fb94b9ce000-7fb94b9d3000 r-xp 00000000 08:06 658032                     /lib/x86_64-linux-gnu/libnss_dns-2.21.so
7fb94b9d3000-7fb94bbd2000 ---p 00005000 08:06 658032                     /lib/x86_64-linux-gnu/libnss_dns-2.21.so
7fb94bbd2000-7fb94bbd3000 r--p 00004000 08:06 658032                     /lib/x86_64-linux-gnu/libnss_dns-2.21.so
7fb94bbd3000-7fb94bbd4000 rw-p 00005000 08:06 658032                     /lib/x86_64-linux-gnu/libnss_dns-2.21.so
7fb94bbd4000-7fb94bbd6000 r-xp 00000000 08:06 658040                     /lib/x86_64-linux-gnu/libnss_mdns4_minimal.so.2
7fb94bbd6000-7fb94bdd5000 ---p 00002000 08:06 658040                     /lib/x86_64-linux-gnu/libnss_mdns4_minimal.so.2
7fb94bdd5000-7fb94bdd6000 r--p 00001000 08:06 658040                     /lib/x86_64-linux-gnu/libnss_mdns4_minimal.so.2
7fb94bdd6000-7fb94bdd7000 rw-p 00002000 08:06 658040                     /lib/x86_64-linux-gnu/libnss_mdns4_minimal.so.2
7fb94bdd7000-7fb94bdfc000 r-xp 00000000 08:06 658105                     /lib/x86_64-linux-gnu/libtinfo.so.5.9
7fb94bdfc000-7fb94bffb000 ---p 00025000 08:06 658105                     /lib/x86_64-linux-gnu/libtinfo.so.5.9
7fb94bffb000-7fb94bfff000 r--p 00024000 08:06 658105                     /lib/x86_64-linux-gnu/libtinfo.so.5.9
7fb94bfff000-7fb94c000000 rw-p 00028000 08:06 658105                     /lib/x86_64-linux-gnu/libtinfo.so.5.9
7fb94c000000-7fb94c07a000 rw-p 00000000 00:00 0 
7fb94c07a000-7fb950000000 ---p 00000000 00:00 0 
7fb950000000-7fb950021000 rw-p 00000000 00:00 0 
7fb950021000-7fb954000000 ---p 00000000 00:00 0 
7fb954000000-7fb954021000 rw-p 00000000 00:00 0 
7fb954021000-7fb958000000 ---p 00000000 00:00 0 
7fb958000000-7fb9580b0000 rw-p 00000000 00:00 0 
7fb9580b0000-7fb95c000000 ---p 00000000 00:00 0 
7fb95c000000-7fb95c021000 rw-p 00000000 00:00 0 
7fb95c021000-7fb960000000 ---p 00000000 00:00 0 
7fb960000000-7fb960021000 rw-p 00000000 00:00 0 
7fb960021000-7fb964000000 ---p 00000000 00:00 0 
7fb964000000-7fb964021000 rw-p 00000000 00:00 0 
7fb964021000-7fb968000000 ---p 00000000 00:00 0 
7fb9680d5000-7fb9680d8000 ---p 00000000 00:00 0 
7fb9680d8000-7fb9681d6000 rw-p 00000000 00:00 0                          [stack:15394]
7fb9681d6000-7fb9681ec000 r-xp 00000000 08:06 923598                     /usr/lib/x86_64-linux-gnu/libgomp.so.1.0.0
7fb9681ec000-7fb9683eb000 ---p 00016000 08:06 923598                     /usr/lib/x86_64-linux-gnu/libgomp.so.1.0.0
7fb9683eb000-7fb9683ec000 r--p 00015000 08:06 923598                     /usr/lib/x86_64-linux-gnu/libgomp.so.1.0.0
7fb9683ec000-7fb9683ed000 rw-p 00016000 08:06 923598                     /usr/lib/x86_64-linux-gnu/libgomp.so.1.0.0
7fb9683ed000-7fb968406000 r-xp 00000000 08:06 658122                     /lib/x86_64-linux-gnu/libz.so.1.2.8
7fb968406000-7fb968606000 ---p 00019000 08:06 658122                     /lib/x86_64-linux-gnu/libz.so.1.2.8
7fb968606000-7fb968607000 r--p 00019000 08:06 658122                     /lib/x86_64-linux-gnu/libz.so.1.2.8
7fb968607000-7fb968608000 rw-p 0001a000 08:06 658122                     /lib/x86_64-linux-gnu/libz.so.1.2.8
7fb968608000-7fb968617000 r-xp 00000000 08:06 657947                     /lib/x86_64-linux-gnu/libbz2.so.1.0.4
7fb968617000-7fb968816000 ---p 0000f000 08:06 657947                     /lib/x86_64-linux-gnu/libbz2.so.1.0.4
7fb968816000-7fb968817000 r--p 0000e000 08:06 657947                     /lib/x86_64-linux-gnu/libbz2.so.1.0.4
7fb968817000-7fb968818000 rw-p 0000f000 08:06 657947                     /lib/x86_64-linux-gnu/libbz2.so.1.0.4
7fb968818000-7fb968839000 r-xp 00000000 08:06 658004                     /lib/x86_64-linux-gnu/liblzma.so.5.0.0
7fb968839000-7fb968a38000 ---p 00021000 08:06 658004                     /lib/x86_64-linux-gnu/liblzma.so.5.0.0
7fb968a38000-7fb968a39000 r--p 00020000 08:06 658004                     /lib/x86_64-linux-gnu/liblzma.so.5.0.0
7fb968a39000-7fb968a3a000 rw-p 00021000 08:06 658004                     /lib/x86_64-linux-gnu/liblzma.so.5.0.0
7fb968a3a000-7fb968aa6000 r-xp 00000000 08:06 658064                     /lib/x86_64-linux-gnu/libpcre.so.3.13.1
7fb968aa6000-7fb968ca5000 ---p 0006c000 08:06 658064                     /lib/x86_64-linux-gnu/libpcre.so.3.13.1
7fb968ca5000-7fb968ca6000 r--p 0006b000 08:06 658064                     /lib/x86_64-linux-gnu/libpcre.so.3.13.1
7fb968ca6000-7fb968ca7000 rw-p 0006c000 08:06 658064                     /lib/x86_64-linux-gnu/libpcre.so.3.13.1
7fb968ca7000-7fb968ce4000 r-xp 00000000 08:06 658086                     /lib/x86_64-linux-gnu/libreadline.so.6.3
7fb968ce4000-7fb968ee4000 ---p 0003d000 08:06 658086                     /lib/x86_64-linux-gnu/libreadline.so.6.3
7fb968ee4000-7fb968ee6000 r--p 0003d000 08:06 658086                     /lib/x86_64-linux-gnu/libreadline.so.6.3
7fb968ee6000-7fb968eec000 rw-p 0003f000 08:06 658086                     /lib/x86_64-linux-gnu/libreadline.so.6.3
7fb968eec000-7fb968eed000 rw-p 00000000 00:00 0 
7fb968eed000-7fb968f6c000 r-xp 00000000 08:06 897049                     /usr/lib/libblas/libblas.so.3.0
7fb968f6c000-7fb96916b000 ---p 0007f000 08:06 897049                     /usr/lib/libblas/libblas.so.3.0
7fb96916b000-7fb96916c000 r--p 0007e000 08:06 897049                     /usr/lib/libblas/libblas.so.3.0
7fb96916c000-7fb96916d000 rw-p 0007f000 08:06 897049                     /usr/lib/libblas/libblas.so.3.0
7fb96916d000-7fb969412000 r-xp 00000000 08:06 904378                     /usr/lib/R/lib/libR.so
7fb969412000-7fb969612000 ---p 002a5000 08:06 904378                     /usr/lib/R/lib/libR.so
7fb969612000-7fb969630000 r--p 002a5000 08:06 904378                     /usr/lib/R/lib/libR.so
7fb969630000-7fb96963b000 rw-p 002c3000 08:06 904378                     /usr/lib/R/lib/libR.so
7fb96963b000-7fb969729000 rw-p 00000000 00:00 0 
7fb969729000-7fb969732000 r-xp 00000000 08:06 903505                     /usr/lib/R/site-library/rJava/jri/libjri.so
7fb969732000-7fb969931000 ---p 00009000 08:06 903505                     /usr/lib/R/site-library/rJava/jri/libjri.so
7fb969931000-7fb969932000 r--p 00008000 08:06 903505                     /usr/lib/R/site-library/rJava/jri/libjri.so
7fb969932000-7fb969933000 rw-p 00009000 08:06 903505                     /usr/lib/R/site-library/rJava/jri/libjri.so
7fb969933000-7fb969c34000 rw-p 00000000 00:00 0 
7fb969c34000-7fb969c4b000 r-xp 00000000 08:06 1198812                    /usr/local/jdk1.7.0_80/jre/lib/amd64/libnet.so
7fb969c4b000-7fb969e4a000 ---p 00017000 08:06 1198812                    /usr/local/jdk1.7.0_80/jre/lib/amd64/libnet.so
7fb969e4a000-7fb969e4b000 rw-p 00016000 08:06 1198812                    /usr/local/jdk1.7.0_80/jre/lib/amd64/libnet.so
7fb969e4b000-7fb969e5b000 r-xp 00000000 08:06 1198811                    /usr/local/jdk1.7.0_80/jre/lib/amd64/libnio.so
7fb969e5b000-7fb96a05b000 ---p 00010000 08:06 1198811                    /usr/local/jdk1.7.0_80/jre/lib/amd64/libnio.so
7fb96a05b000-7fb96a05c000 rw-p 00010000 08:06 1198811                    /usr/local/jdk1.7.0_80/jre/lib/amd64/libnio.so
7fb96a05c000-7fb96a05d000 ---p 00000000 00:00 0 
7fb96a05d000-7fb96a15d000 rw-p 00000000 00:00 0                          [stack:15392]
7fb96a15d000-7fb96a160000 ---p 00000000 00:00 0 
7fb96a160000-7fb96a25e000 rw-p 00000000 00:00 0                          [stack:15391]
7fb96a25e000-7fb96a261000 ---p 00000000 00:00 0 
7fb96a261000-7fb96a35f000 rw-p 00000000 00:00 0                          [stack:15390]
7fb96a35f000-7fb96a362000 ---p 00000000 00:00 0 
7fb96a362000-7fb96a460000 rw-p 00000000 00:00 0                          [stack:15389]
7fb96a460000-7fb96a465000 r-xp 00000000 08:06 923157                     /usr/lib/x86_64-linux-gnu/libXdmcp.so.6.0.0
7fb96a465000-7fb96a664000 ---p 00005000 08:06 923157                     /usr/lib/x86_64-linux-gnu/libXdmcp.so.6.0.0
7fb96a664000-7fb96a665000 r--p 00004000 08:06 923157                     /usr/lib/x86_64-linux-gnu/libXdmcp.so.6.0.0
7fb96a665000-7fb96a666000 rw-p 00005000 08:06 923157                     /usr/lib/x86_64-linux-gnu/libXdmcp.so.6.0.0
7fb96a666000-7fb96a668000 r-xp 00000000 08:06 923146                     /usr/lib/x86_64-linux-gnu/libXau.so.6.0.0
7fb96a668000-7fb96a868000 ---p 00002000 08:06 923146                     /usr/lib/x86_64-linux-gnu/libXau.so.6.0.0
7fb96a868000-7fb96a869000 r--p 00002000 08:06 923146                     /usr/lib/x86_64-linux-gnu/libXau.so.6.0.0
7fb96a869000-7fb96a86a000 rw-p 00003000 08:06 923146                     /usr/lib/x86_64-linux-gnu/libXau.so.6.0.0
7fb96a86a000-7fb96a887000 r-xp 00000000 08:06 924344                     /usr/lib/x86_64-linux-gnu/libxcb.so.1.1.0
7fb96a887000-7fb96aa87000 ---p 0001d000 08:06 924344                     /usr/lib/x86_64-linux-gnu/libxcb.so.1.1.0
7fb96aa87000-7fb96aa88000 r--p 0001d000 08:06 924344                     /usr/lib/x86_64-linux-gnu/libxcb.so.1.1.0
7fb96aa88000-7fb96aa89000 rw-p 0001e000 08:06 924344                     /usr/lib/x86_64-linux-gnu/libxcb.so.1.1.0
7fb96aa89000-7fb96abbc000 r-xp 00000000 08:06 923142                     /usr/lib/x86_64-linux-gnu/libX11.so.6.3.0
7fb96abbc000-7fb96adbc000 ---p 00133000 08:06 923142                     /usr/lib/x86_64-linux-gnu/libX11.so.6.3.0
7fb96adbc000-7fb96adbd000 r--p 00133000 08:06 923142                     /usr/lib/x86_64-linux-gnu/libX11.so.6.3.0
7fb96adbd000-7fb96adc1000 rw-p 00134000 08:06 923142                     /usr/lib/x86_64-linux-gnu/libX11.so.6.3.0
7fb96adc1000-7fb96adc2000 rw-p 00000000 00:00 0 
7fb96adc2000-7fb96adc4000 r-xp 00000000 08:06 915072                     /usr/lib/jayatana/libjayatanaag.so
7fb96adc4000-7fb96afc3000 ---p 00002000 08:06 915072                     /usr/lib/jayatana/libjayatanaag.so
7fb96afc3000-7fb96afc4000 r--p 00001000 08:06 915072                     /usr/lib/jayatana/libjayatanaag.so
7fb96afc4000-7fb96afc5000 rw-p 00002000 08:06 915072                     /usr/lib/jayatana/libjayatanaag.so
7fb96afc5000-7fb96afc8000 ---p 00000000 00:00 0 
7fb96afc8000-7fb96b0c6000 rw-p 00000000 00:00 0                          [stack:15388]
7fb96b0c6000-7fb96b7a8000 r--p 00000000 08:06 918577                     /usr/lib/locale/locale-archive
7fb96b7a8000-7fb96b7ab000 ---p 00000000 00:00 0 
7fb96b7ab000-7fb96b8a9000 rw-p 00000000 00:00 0                          [stack:15387]
7fb96b8a9000-7fb96b8ac000 ---p 00000000 00:00 0 
7fb96b8ac000-7fb96b9aa000 rw-p 00000000 00:00 0                          [stack:15386]
7fb96b9aa000-7fb96b9ab000 ---p 00000000 00:00 0 
7fb96b9ab000-7fb970000000 rw-p 00000000 00:00 0                          [stack:15385]
7fb970000000-7fb970021000 rw-p 00000000 00:00 0 
7fb970021000-7fb974000000 ---p 00000000 00:00 0 
7fb974000000-7fb974021000 rw-p 00000000 00:00 0 
7fb974021000-7fb978000000 ---p 00000000 00:00 0 
7fb978000000-7fb978021000 rw-p 00000000 00:00 0 
7fb978021000-7fb97c000000 ---p 00000000 00:00 0 
7fb97c000000-7fb97c021000 rw-p 00000000 00:00 0 
7fb97c021000-7fb980000000 ---p 00000000 00:00 0 
7fb980000000-7fb980021000 rw-p 00000000 00:00 0 
7fb980021000-7fb984000000 ---p 00000000 00:00 0 
7fb984000000-7fb984021000 rw-p 00000000 00:00 0 
7fb984021000-7fb988000000 ---p 00000000 00:00 0 
7fb988000000-7fb988021000 rw-p 00000000 00:00 0 
7fb988021000-7fb98c000000 ---p 00000000 00:00 0 
7fb98c000000-7fb98c021000 rw-p 00000000 00:00 0 
7fb98c021000-7fb990000000 ---p 00000000 00:00 0 
7fb9900f1000-7fb991000000 rw-p 00000000 00:00 0 
7fb991000000-7fb991270000 rwxp 00000000 00:00 0 
7fb991270000-7fb994324000 rw-p 00000000 00:00 0 
7fb994324000-7fb998000000 ---p 00000000 00:00 0 
7fb99801a000-7fb99876c000 rw-p 00000000 00:00 0 
7fb99876c000-7fb99892c000 r--s 039fb000 08:06 811294                     /usr/local/jdk1.7.0_80/jre/lib/rt.jar
7fb99892c000-7fb998e2b000 rw-p 00000000 00:00 0 
7fb998e2b000-7fb998e2c000 ---p 00000000 00:00 0 
7fb998e2c000-7fb998f2c000 rw-p 00000000 00:00 0                          [stack:15384]
7fb998f2c000-7fb998f2d000 ---p 00000000 00:00 0 
7fb998f2d000-7fb99902d000 rw-p 00000000 00:00 0                          [stack:15383]
7fb99902d000-7fb99902e000 ---p 00000000 00:00 0 
7fb99902e000-7fb99912e000 rw-p 00000000 00:00 0                          [stack:15382]
7fb99912e000-7fb99912f000 ---p 00000000 00:00 0 
7fb99912f000-7fb99922f000 rw-p 00000000 00:00 0                          [stack:15381]
7fb99922f000-7fb999230000 ---p 00000000 00:00 0 
7fb999230000-7fb999330000 rw-p 00000000 00:00 0                          [stack:15380]
7fb999330000-7fb999331000 ---p 00000000 00:00 0 
7fb999331000-7fb999431000 rw-p 00000000 00:00 0                          [stack:15379]
7fb999431000-7fb999432000 ---p 00000000 00:00 0 
7fb999432000-7fb999532000 rw-p 00000000 00:00 0                          [stack:15378]
7fb999532000-7fb999533000 ---p 00000000 00:00 0 
7fb999533000-7fb99963e000 rw-p 00000000 00:00 0                          [stack:15377]
7fb99963e000-7fb99965c000 rw-p 00000000 00:00 0 
7fb99965c000-7fb999685000 rw-p 00000000 00:00 0 
7fb999685000-7fb9998ef000 rw-p 00000000 00:00 0 
7fb9998ef000-7fb9998fa000 rw-p 00000000 00:00 0 
7fb9998fa000-7fb999918000 rw-p 00000000 00:00 0 
7fb999918000-7fb999941000 rw-p 00000000 00:00 0 
7fb999941000-7fb999baa000 rw-p 00000000 00:00 0 
7fb999baa000-7fb999bc0000 rw-p 00000000 00:00 0 
7fb999bc0000-7fb999cf4000 rw-p 00000000 00:00 0 
7fb999cf4000-7fb999cf5000 rw-p 00000000 00:00 0 
7fb999cf5000-7fb999d0c000 r-xp 00000000 08:06 1198810                    /usr/local/jdk1.7.0_80/jre/lib/amd64/libzip.so
7fb999d0c000-7fb999f0c000 ---p 00017000 08:06 1198810                    /usr/local/jdk1.7.0_80/jre/lib/amd64/libzip.so
7fb999f0c000-7fb999f0d000 rw-p 00017000 08:06 1198810                    /usr/local/jdk1.7.0_80/jre/lib/amd64/libzip.so
7fb999f0d000-7fb999f19000 r-xp 00000000 08:06 658034                     /lib/x86_64-linux-gnu/libnss_files-2.21.so
7fb999f19000-7fb99a118000 ---p 0000c000 08:06 658034                     /lib/x86_64-linux-gnu/libnss_files-2.21.so
7fb99a118000-7fb99a119000 r--p 0000b000 08:06 658034                     /lib/x86_64-linux-gnu/libnss_files-2.21.so
7fb99a119000-7fb99a11a000 rw-p 0000c000 08:06 658034                     /lib/x86_64-linux-gnu/libnss_files-2.21.so
7fb99a11a000-7fb99a125000 r-xp 00000000 08:06 658044                     /lib/x86_64-linux-gnu/libnss_nis-2.21.so
7fb99a125000-7fb99a324000 ---p 0000b000 08:06 658044                     /lib/x86_64-linux-gnu/libnss_nis-2.21.so
7fb99a324000-7fb99a325000 r--p 0000a000 08:06 658044                     /lib/x86_64-linux-gnu/libnss_nis-2.21.so
7fb99a325000-7fb99a326000 rw-p 0000b000 08:06 658044                     /lib/x86_64-linux-gnu/libnss_nis-2.21.so
7fb99a326000-7fb99a33d000 r-xp 00000000 08:06 658028                     /lib/x86_64-linux-gnu/libnsl-2.21.so
7fb99a33d000-7fb99a53c000 ---p 00017000 08:06 658028                     /lib/x86_64-linux-gnu/libnsl-2.21.so
7fb99a53c000-7fb99a53d000 r--p 00016000 08:06 658028                     /lib/x86_64-linux-gnu/libnsl-2.21.so
7fb99a53d000-7fb99a53e000 rw-p 00017000 08:06 658028                     /lib/x86_64-linux-gnu/libnsl-2.21.so
7fb99a53e000-7fb99a540000 rw-p 00000000 00:00 0 
7fb99a540000-7fb99a548000 r-xp 00000000 08:06 658030                     /lib/x86_64-linux-gnu/libnss_compat-2.21.so
7fb99a548000-7fb99a747000 ---p 00008000 08:06 658030                     /lib/x86_64-linux-gnu/libnss_compat-2.21.so
7fb99a747000-7fb99a748000 r--p 00007000 08:06 658030                     /lib/x86_64-linux-gnu/libnss_compat-2.21.so
7fb99a748000-7fb99a749000 rw-p 00008000 08:06 658030                     /lib/x86_64-linux-gnu/libnss_compat-2.21.so
7fb99a749000-7fb99a753000 r-xp 00000000 08:06 1195487                    /usr/local/jdk1.7.0_80/jre/lib/amd64/libinstrument.so
7fb99a753000-7fb99a952000 ---p 0000a000 08:06 1195487                    /usr/local/jdk1.7.0_80/jre/lib/amd64/libinstrument.so
7fb99a952000-7fb99a953000 rw-p 00009000 08:06 1195487                    /usr/local/jdk1.7.0_80/jre/lib/amd64/libinstrument.so
7fb99a953000-7fb99a97c000 r-xp 00000000 08:06 1198805                    /usr/local/jdk1.7.0_80/jre/lib/amd64/libjava.so
7fb99a97c000-7fb99ab7c000 ---p 00029000 08:06 1198805                    /usr/local/jdk1.7.0_80/jre/lib/amd64/libjava.so
7fb99ab7c000-7fb99ab7e000 rw-p 00029000 08:06 1198805                    /usr/local/jdk1.7.0_80/jre/lib/amd64/libjava.so
7fb99ab7e000-7fb99ab8b000 r-xp 00000000 08:06 1198790                    /usr/local/jdk1.7.0_80/jre/lib/amd64/libverify.so
7fb99ab8b000-7fb99ad8a000 ---p 0000d000 08:06 1198790                    /usr/local/jdk1.7.0_80/jre/lib/amd64/libverify.so
7fb99ad8a000-7fb99ad8c000 rw-p 0000c000 08:06 1198790                    /usr/local/jdk1.7.0_80/jre/lib/amd64/libverify.so
7fb99ad8c000-7fb99ad93000 r-xp 00000000 08:06 658089                     /lib/x86_64-linux-gnu/librt-2.21.so
7fb99ad93000-7fb99af92000 ---p 00007000 08:06 658089                     /lib/x86_64-linux-gnu/librt-2.21.so
7fb99af92000-7fb99af93000 r--p 00006000 08:06 658089                     /lib/x86_64-linux-gnu/librt-2.21.so
7fb99af93000-7fb99af94000 rw-p 00007000 08:06 658089                     /lib/x86_64-linux-gnu/librt-2.21.so
7fb99af94000-7fb99b09b000 r-xp 00000000 08:06 658007                     /lib/x86_64-linux-gnu/libm-2.21.so
7fb99b09b000-7fb99b29a000 ---p 00107000 08:06 658007                     /lib/x86_64-linux-gnu/libm-2.21.so
7fb99b29a000-7fb99b29b000 r--p 00106000 08:06 658007                     /lib/x86_64-linux-gnu/libm-2.21.so
7fb99b29b000-7fb99b29c000 rw-p 00107000 08:06 658007                     /lib/x86_64-linux-gnu/libm-2.21.so
7fb99b29c000-7fb99be12000 r-xp 00000000 08:06 29237                      /usr/local/jdk1.7.0_80/jre/lib/amd64/server/libjvm.so
7fb99be12000-7fb99c011000 ---p 00b76000 08:06 29237                      /usr/local/jdk1.7.0_80/jre/lib/amd64/server/libjvm.so
7fb99c011000-7fb99c0d5000 rw-p 00b75000 08:06 29237                      /usr/local/jdk1.7.0_80/jre/lib/amd64/server/libjvm.so
7fb99c0d5000-7fb99c116000 rw-p 00000000 00:00 0 
7fb99c116000-7fb99c2d6000 r-xp 00000000 08:06 657948                     /lib/x86_64-linux-gnu/libc-2.21.so
7fb99c2d6000-7fb99c4d6000 ---p 001c0000 08:06 657948                     /lib/x86_64-linux-gnu/libc-2.21.so
7fb99c4d6000-7fb99c4da000 r--p 001c0000 08:06 657948                     /lib/x86_64-linux-gnu/libc-2.21.so
7fb99c4da000-7fb99c4dc000 rw-p 001c4000 08:06 657948                     /lib/x86_64-linux-gnu/libc-2.21.so
7fb99c4dc000-7fb99c4e0000 rw-p 00000000 00:00 0 
7fb99c4e0000-7fb99c4e3000 r-xp 00000000 08:06 657965                     /lib/x86_64-linux-gnu/libdl-2.21.so
7fb99c4e3000-7fb99c6e2000 ---p 00003000 08:06 657965                     /lib/x86_64-linux-gnu/libdl-2.21.so
7fb99c6e2000-7fb99c6e3000 r--p 00002000 08:06 657965                     /lib/x86_64-linux-gnu/libdl-2.21.so
7fb99c6e3000-7fb99c6e4000 rw-p 00003000 08:06 657965                     /lib/x86_64-linux-gnu/libdl-2.21.so
7fb99c6e4000-7fb99c6f9000 r-xp 00000000 08:06 1198816                    /usr/local/jdk1.7.0_80/lib/amd64/jli/libjli.so
7fb99c6f9000-7fb99c8f8000 ---p 00015000 08:06 1198816                    /usr/local/jdk1.7.0_80/lib/amd64/jli/libjli.so
7fb99c8f8000-7fb99c8f9000 rw-p 00014000 08:06 1198816                    /usr/local/jdk1.7.0_80/lib/amd64/jli/libjli.so
7fb99c8f9000-7fb99c911000 r-xp 00000000 08:06 658081                     /lib/x86_64-linux-gnu/libpthread-2.21.so
7fb99c911000-7fb99cb11000 ---p 00018000 08:06 658081                     /lib/x86_64-linux-gnu/libpthread-2.21.so
7fb99cb11000-7fb99cb12000 r--p 00018000 08:06 658081                     /lib/x86_64-linux-gnu/libpthread-2.21.so
7fb99cb12000-7fb99cb13000 rw-p 00019000 08:06 658081                     /lib/x86_64-linux-gnu/libpthread-2.21.so
7fb99cb13000-7fb99cb17000 rw-p 00000000 00:00 0 
7fb99cb17000-7fb99cb3b000 r-xp 00000000 08:06 657920                     /lib/x86_64-linux-gnu/ld-2.21.so
7fb99cb4a000-7fb99cb4b000 rw-p 00000000 00:00 0 
7fb99cb4b000-7fb99cb55000 r--s 00253000 08:06 811248                     /usr/local/jdk1.7.0_80/jre/lib/resources.jar
7fb99cb55000-7fb99cb5f000 rw-p 00000000 00:00 0 
7fb99cb5f000-7fb99cc15000 rw-p 00000000 00:00 0 
7fb99cc15000-7fb99cc18000 ---p 00000000 00:00 0 
7fb99cc18000-7fb99cd1a000 rw-p 00000000 00:00 0                          [stack:15376]
7fb99cd1a000-7fb99cd1b000 r--s 00000000 08:06 798457                     /usr/share/java/jayatanaag.jar
7fb99cd1b000-7fb99cd1c000 r--s 00007000 08:06 903503                     /usr/lib/R/site-library/rJava/jri/REngine.jar
7fb99cd1c000-7fb99cd1d000 r--s 00002000 08:06 903502                     /usr/lib/R/site-library/rJava/jri/JRIEngine.jar
7fb99cd1d000-7fb99cd1e000 r--s 00013000 08:06 903495                     /usr/lib/R/site-library/rJava/jri/JRI.jar
7fb99cd1e000-7fb99cd22000 r--s 0002a000 08:08 4077794                    /home/ine031/NetBeansProjects/reportesTrimestrales/commons-io-2.4-bin/commons-io-2.4/commons-io-2.4.jar
7fb99cd22000-7fb99cd28000 r--s 00044000 08:08 3933401                    /home/ine031/NetBeansProjects/reportesTrimestrales/jsoup-1.8.1.jar
7fb99cd28000-7fb99cd2e000 r--s 00080000 08:08 3933400                    /home/ine031/NetBeansProjects/reportesTrimestrales/jsoup-1.8.1-javadoc.jar
7fb99cd2e000-7fb99cd36000 rw-s 00000000 08:06 9522                       /tmp/hsperfdata_ine031/15371
7fb99cd36000-7fb99cd37000 rw-p 00000000 00:00 0 
7fb99cd37000-7fb99cd38000 r--p 00000000 00:00 0 
7fb99cd38000-7fb99cd3a000 rw-p 00000000 00:00 0 
7fb99cd3a000-7fb99cd3b000 r--p 00023000 08:06 657920                     /lib/x86_64-linux-gnu/ld-2.21.so
7fb99cd3b000-7fb99cd3c000 rw-p 00024000 08:06 657920                     /lib/x86_64-linux-gnu/ld-2.21.so
7fb99cd3c000-7fb99cd3d000 rw-p 00000000 00:00 0 
7ffca05b9000-7ffca05da000 rw-p 00000000 00:00 0                          [stack]
7ffca05f5000-7ffca05f7000 r--p 00000000 00:00 0                          [vvar]
7ffca05f7000-7ffca05f9000 r-xp 00000000 00:00 0                          [vdso]
ffffffffff600000-ffffffffff601000 r-xp 00000000 00:00 0                  [vsyscall]

VM Arguments:
jvm_args: -javaagent:/usr/share/java/jayatanaag.jar -Dfile.encoding=UTF-8 -Djava.library.path=.:/usr/lib/R/site-library/rJava/jri/ 
java_command: reportestrimestrales.ReportesTrimestrales
Launcher Type: SUN_STANDARD

Environment Variables:
JAVA_TOOL_OPTIONS=-javaagent:/usr/share/java/jayatanaag.jar 
PATH=/usr/local/sbin:/usr/local/bin:/usr/sbin:/usr/bin:/sbin:/bin:/usr/games:/usr/local/games
LD_LIBRARY_PATH=/usr/local/jdk1.7.0_80/jre/lib/amd64:/usr/local/jdk1.7.0_80/jre/lib/i386:
SHELL=/bin/bash
DISPLAY=:0

Signal Handlers:
SIGSEGV: [libjvm.so+0x9a3b20], sa_mask[0]=0x7ffbfeff, sa_flags=0x10000004
SIGBUS: [libjvm.so+0x9a3b20], sa_mask[0]=0x7ffbfeff, sa_flags=0x10000004
SIGFPE: [libjvm.so+0x81e740], sa_mask[0]=0x7ffbfeff, sa_flags=0x10000004
SIGPIPE: [libjvm.so+0x81e740], sa_mask[0]=0x7ffbfeff, sa_flags=0x10000004
SIGXFSZ: [libjvm.so+0x81e740], sa_mask[0]=0x7ffbfeff, sa_flags=0x10000004
SIGILL: [libjvm.so+0x81e740], sa_mask[0]=0x7ffbfeff, sa_flags=0x10000004
SIGUSR1: SIG_DFL, sa_mask[0]=0x00000000, sa_flags=0x00000000
SIGUSR2: [libjvm.so+0x81ffb0], sa_mask[0]=0x00000004, sa_flags=0x10000004
SIGHUP: [libjvm.so+0x8210d0], sa_mask[0]=0x7ffbfeff, sa_flags=0x10000004
SIGINT: SIG_IGN, sa_mask[0]=0x00000000, sa_flags=0x00000000
SIGTERM: [libjvm.so+0x8210d0], sa_mask[0]=0x7ffbfeff, sa_flags=0x10000004
SIGQUIT: [libjvm.so+0x8210d0], sa_mask[0]=0x7ffbfeff, sa_flags=0x10000004


---------------  S Y S T E M  ---------------

OS:jessie/sid

uname:Linux 3.19.0-22-generic #22-Ubuntu SMP Tue Jun 16 17:15:15 UTC 2015 x86_64
libc:glibc 2.21 NPTL 2.21 
rlimit: STACK 8192k, CORE 0k, NPROC 31225, NOFILE 65536, AS infinity
load average:0.29 0.34 0.32

/proc/meminfo:
MemTotal:        8090356 kB
MemFree:          896208 kB
MemAvailable:    3481860 kB
Buffers:          235236 kB
Cached:          3654100 kB
SwapCached:            0 kB
Active:          4585616 kB
Inactive:        2217556 kB
Active(anon):    3179516 kB
Inactive(anon):  1003908 kB
Active(file):    1406100 kB
Inactive(file):  1213648 kB
Unevictable:          48 kB
Mlocked:              48 kB
SwapTotal:       1048572 kB
SwapFree:        1048572 kB
Dirty:              2268 kB
Writeback:             0 kB
AnonPages:       2914132 kB
Mapped:           749576 kB
Shmem:           1269368 kB
Slab:             272044 kB
SReclaimable:     219308 kB
SUnreclaim:        52736 kB
KernelStack:       12768 kB
PageTables:        55548 kB
NFS_Unstable:          0 kB
Bounce:                0 kB
WritebackTmp:          0 kB
CommitLimit:     5093748 kB
Committed_AS:    9545640 kB
VmallocTotal:   34359738367 kB
VmallocUsed:      359232 kB
VmallocChunk:   34359261556 kB
HardwareCorrupted:     0 kB
AnonHugePages:   1378304 kB
CmaTotal:              0 kB
CmaFree:               0 kB
HugePages_Total:       0
HugePages_Free:        0
HugePages_Rsvd:        0
HugePages_Surp:        0
Hugepagesize:       2048 kB
DirectMap4k:      113664 kB
DirectMap2M:     8192000 kB


CPU:total 8 (4 cores per cpu, 2 threads per core) family 6 model 58 stepping 9, cmov, cx8, fxsr, mmx, sse, sse2, sse3, ssse3, sse4.1, sse4.2, popcnt, avx, aes, erms, ht, tsc, tscinvbit, tscinv

/proc/cpuinfo:
processor	: 0
vendor_id	: GenuineIntel
cpu family	: 6
model		: 58
model name	: Intel(R) Core(TM) i7-3770 CPU @ 3.40GHz
stepping	: 9
microcode	: 0x19
cpu MHz		: 3642.382
cache size	: 8192 KB
physical id	: 0
siblings	: 8
core id		: 0
cpu cores	: 4
apicid		: 0
initial apicid	: 0
fpu		: yes
fpu_exception	: yes
cpuid level	: 13
wp		: yes
flags		: fpu vme de pse tsc msr pae mce cx8 apic sep mtrr pge mca cmov pat pse36 clflush dts acpi mmx fxsr sse sse2 ss ht tm pbe syscall nx rdtscp lm constant_tsc arch_perfmon pebs bts rep_good nopl xtopology nonstop_tsc aperfmperf eagerfpu pni pclmulqdq dtes64 monitor ds_cpl vmx smx est tm2 ssse3 cx16 xtpr pdcm pcid sse4_1 sse4_2 x2apic popcnt tsc_deadline_timer aes xsave avx f16c rdrand lahf_lm ida arat epb pln pts dtherm tpr_shadow vnmi flexpriority ept vpid fsgsbase smep erms xsaveopt
bugs		:
bogomips	: 6784.24
clflush size	: 64
cache_alignment	: 64
address sizes	: 36 bits physical, 48 bits virtual
power management:

processor	: 1
vendor_id	: GenuineIntel
cpu family	: 6
model		: 58
model name	: Intel(R) Core(TM) i7-3770 CPU @ 3.40GHz
stepping	: 9
microcode	: 0x19
cpu MHz		: 3725.789
cache size	: 8192 KB
physical id	: 0
siblings	: 8
core id		: 1
cpu cores	: 4
apicid		: 2
initial apicid	: 2
fpu		: yes
fpu_exception	: yes
cpuid level	: 13
wp		: yes
flags		: fpu vme de pse tsc msr pae mce cx8 apic sep mtrr pge mca cmov pat pse36 clflush dts acpi mmx fxsr sse sse2 ss ht tm pbe syscall nx rdtscp lm constant_tsc arch_perfmon pebs bts rep_good nopl xtopology nonstop_tsc aperfmperf eagerfpu pni pclmulqdq dtes64 monitor ds_cpl vmx smx est tm2 ssse3 cx16 xtpr pdcm pcid sse4_1 sse4_2 x2apic popcnt tsc_deadline_timer aes xsave avx f16c rdrand lahf_lm ida arat epb pln pts dtherm tpr_shadow vnmi flexpriority ept vpid fsgsbase smep erms xsaveopt
bugs		:
bogomips	: 6784.24
clflush size	: 64
cache_alignment	: 64
address sizes	: 36 bits physical, 48 bits virtual
power management:

processor	: 2
vendor_id	: GenuineIntel
cpu family	: 6
model		: 58
model name	: Intel(R) Core(TM) i7-3770 CPU @ 3.40GHz
stepping	: 9
microcode	: 0x19
cpu MHz		: 3843.726
cache size	: 8192 KB
physical id	: 0
siblings	: 8
core id		: 2
cpu cores	: 4
apicid		: 4
initial apicid	: 4
fpu		: yes
fpu_exception	: yes
cpuid level	: 13
wp		: yes
flags		: fpu vme de pse tsc msr pae mce cx8 apic sep mtrr pge mca cmov pat pse36 clflush dts acpi mmx fxsr sse sse2 ss ht tm pbe syscall nx rdtscp lm constant_tsc arch_perfmon pebs bts rep_good nopl xtopology nonstop_tsc aperfmperf eagerfpu pni pclmulqdq dtes64 monitor ds_cpl vmx smx est tm2 ssse3 cx16 xtpr pdcm pcid sse4_1 sse4_2 x2apic popcnt tsc_deadline_timer aes xsave avx f16c rdrand lahf_lm ida arat epb pln pts dtherm tpr_shadow vnmi flexpriority ept vpid fsgsbase smep erms xsaveopt
bugs		:
bogomips	: 6784.24
clflush size	: 64
cache_alignment	: 64
address sizes	: 36 bits physical, 48 bits virtual
power management:

processor	: 3
vendor_id	: GenuineIntel
cpu family	: 6
model		: 58
model name	: Intel(R) Core(TM) i7-3770 CPU @ 3.40GHz
stepping	: 9
microcode	: 0x19
cpu MHz		: 3777.718
cache size	: 8192 KB
physical id	: 0
siblings	: 8
core id		: 3
cpu cores	: 4
apicid		: 6
initial apicid	: 6
fpu		: yes
fpu_exception	: yes
cpuid level	: 13
wp		: yes
flags		: fpu vme de pse tsc msr pae mce cx8 apic sep mtrr pge mca cmov pat pse36 clflush dts acpi mmx fxsr sse sse2 ss ht tm pbe syscall nx rdtscp lm constant_tsc arch_perfmon pebs bts rep_good nopl xtopology nonstop_tsc aperfmperf eagerfpu pni pclmulqdq dtes64 monitor ds_cpl vmx smx est tm2 ssse3 cx16 xtpr pdcm pcid sse4_1 sse4_2 x2apic popcnt tsc_deadline_timer aes xsave avx f16c rdrand lahf_lm ida arat epb pln pts dtherm tpr_shadow vnmi flexpriority ept vpid fsgsbase smep erms xsaveopt
bugs		:
bogomips	: 6784.24
clflush size	: 64
cache_alignment	: 64
address sizes	: 36 bits physical, 48 bits virtual
power management:

processor	: 4
vendor_id	: GenuineIntel
cpu family	: 6
model		: 58
model name	: Intel(R) Core(TM) i7-3770 CPU @ 3.40GHz
stepping	: 9
microcode	: 0x19
cpu MHz		: 3717.687
cache size	: 8192 KB
physical id	: 0
siblings	: 8
core id		: 0
cpu cores	: 4
apicid		: 1
initial apicid	: 1
fpu		: yes
fpu_exception	: yes
cpuid level	: 13
wp		: yes
flags		: fpu vme de pse tsc msr pae mce cx8 apic sep mtrr pge mca cmov pat pse36 clflush dts acpi mmx fxsr sse sse2 ss ht tm pbe syscall nx rdtscp lm constant_tsc arch_perfmon pebs bts rep_good nopl xtopology nonstop_tsc aperfmperf eagerfpu pni pclmulqdq dtes64 monitor ds_cpl vmx smx est tm2 ssse3 cx16 xtpr pdcm pcid sse4_1 sse4_2 x2apic popcnt tsc_deadline_timer aes xsave avx f16c rdrand lahf_lm ida arat epb pln pts dtherm tpr_shadow vnmi flexpriority ept vpid fsgsbase smep erms xsaveopt
bugs		:
bogomips	: 6784.24
clflush size	: 64
cache_alignment	: 64
address sizes	: 36 bits physical, 48 bits virtual
power management:

processor	: 5
vendor_id	: GenuineIntel
cpu family	: 6
model		: 58
model name	: Intel(R) Core(TM) i7-3770 CPU @ 3.40GHz
stepping	: 9
microcode	: 0x19
cpu MHz		: 3784.492
cache size	: 8192 KB
physical id	: 0
siblings	: 8
core id		: 1
cpu cores	: 4
apicid		: 3
initial apicid	: 3
fpu		: yes
fpu_exception	: yes
cpuid level	: 13
wp		: yes
flags		: fpu vme de pse tsc msr pae mce cx8 apic sep mtrr pge mca cmov pat pse36 clflush dts acpi mmx fxsr sse sse2 ss ht tm pbe syscall nx rdtscp lm constant_tsc arch_perfmon pebs bts rep_good nopl xtopology nonstop_tsc aperfmperf eagerfpu pni pclmulqdq dtes64 monitor ds_cpl vmx smx est tm2 ssse3 cx16 xtpr pdcm pcid sse4_1 sse4_2 x2apic popcnt tsc_deadline_timer aes xsave avx f16c rdrand lahf_lm ida arat epb pln pts dtherm tpr_shadow vnmi flexpriority ept vpid fsgsbase smep erms xsaveopt
bugs		:
bogomips	: 6784.24
clflush size	: 64
cache_alignment	: 64
address sizes	: 36 bits physical, 48 bits virtual
power management:

processor	: 6
vendor_id	: GenuineIntel
cpu family	: 6
model		: 58
model name	: Intel(R) Core(TM) i7-3770 CPU @ 3.40GHz
stepping	: 9
microcode	: 0x19
cpu MHz		: 3880.648
cache size	: 8192 KB
physical id	: 0
siblings	: 8
core id		: 2
cpu cores	: 4
apicid		: 5
initial apicid	: 5
fpu		: yes
fpu_exception	: yes
cpuid level	: 13
wp		: yes
flags		: fpu vme de pse tsc msr pae mce cx8 apic sep mtrr pge mca cmov pat pse36 clflush dts acpi mmx fxsr sse sse2 ss ht tm pbe syscall nx rdtscp lm constant_tsc arch_perfmon pebs bts rep_good nopl xtopology nonstop_tsc aperfmperf eagerfpu pni pclmulqdq dtes64 monitor ds_cpl vmx smx est tm2 ssse3 cx16 xtpr pdcm pcid sse4_1 sse4_2 x2apic popcnt tsc_deadline_timer aes xsave avx f16c rdrand lahf_lm ida arat epb pln pts dtherm tpr_shadow vnmi flexpriority ept vpid fsgsbase smep erms xsaveopt
bugs		:
bogomips	: 6784.24
clflush size	: 64
cache_alignment	: 64
address sizes	: 36 bits physical, 48 bits virtual
power management:

processor	: 7
vendor_id	: GenuineIntel
cpu family	: 6
model		: 58
model name	: Intel(R) Core(TM) i7-3770 CPU @ 3.40GHz
stepping	: 9
microcode	: 0x19
cpu MHz		: 3698.429
cache size	: 8192 KB
physical id	: 0
siblings	: 8
core id		: 3
cpu cores	: 4
apicid		: 7
initial apicid	: 7
fpu		: yes
fpu_exception	: yes
cpuid level	: 13
wp		: yes
flags		: fpu vme de pse tsc msr pae mce cx8 apic sep mtrr pge mca cmov pat pse36 clflush dts acpi mmx fxsr sse sse2 ss ht tm pbe syscall nx rdtscp lm constant_tsc arch_perfmon pebs bts rep_good nopl xtopology nonstop_tsc aperfmperf eagerfpu pni pclmulqdq dtes64 monitor ds_cpl vmx smx est tm2 ssse3 cx16 xtpr pdcm pcid sse4_1 sse4_2 x2apic popcnt tsc_deadline_timer aes xsave avx f16c rdrand lahf_lm ida arat epb pln pts dtherm tpr_shadow vnmi flexpriority ept vpid fsgsbase smep erms xsaveopt
bugs		:
bogomips	: 6784.24
clflush size	: 64
cache_alignment	: 64
address sizes	: 36 bits physical, 48 bits virtual
power management:



Memory: 4k page, physical 8090356k(896208k free), swap 1048572k(1048572k free)

vm_info: Java HotSpot(TM) 64-Bit Server VM (24.80-b11) for linux-amd64 JRE (1.7.0_80-b15), built on Apr 10 2015 19:53:14 by "java_re" with gcc 4.3.0 20080428 (Red Hat 4.3.0-8)

time: Thu Jul 30 17:29:27 2015
elapsed time: 1 seconds

